"../../../Engine/Plugins/2D/Paper2D/Content/PlaceholderTextures/DummySpriteTexture.ubulk" 0
"../../../Engine/Plugins/2D/Paper2D/Content/PlaceholderTextures/DummySpriteTexture.uasset" 1
"../../../Engine/Plugins/2D/Paper2D/Content/PlaceholderTextures/DummySpriteTexture.uexp" 2
"../../../Engine/Plugins/2D/Paper2D/Content/DummySprite.uasset" 3
"../../../Engine/Plugins/2D/Paper2D/Content/DummySprite.uexp" 4
"../../../Engine/Plugins/2D/Paper2D/Content/DefaultPaperTerrainMaterial.uasset" 5
"../../../Engine/Plugins/2D/Paper2D/Content/DefaultPaperTerrainMaterial.uexp" 6
"../../../Engine/Plugins/Animation/ACLPlugin/Content/ACLAnimBoneCompressionSettings.uasset" 7
"../../../Engine/Plugins/Animation/ACLPlugin/Content/ACLAnimBoneCompressionSettings.uexp" 8
"../../../Engine/Plugins/Animation/ACLPlugin/Content/ACLAnimCurveCompressionSettings.uasset" 9
"../../../Engine/Plugins/Animation/ACLPlugin/Content/ACLAnimCurveCompressionSettings.uexp" 10
"../../../Engine/Content/Animation/DefaultRecorderBoneCompression.uasset" 11
"../../../Engine/Content/Animation/DefaultRecorderBoneCompression.uexp" 12
"../../../Engine/Content/Animation/DefaultVariableFrameStrippingSettings.uasset" 13
"../../../Engine/Content/Animation/DefaultVariableFrameStrippingSettings.uexp" 14
"../../../Engine/Content/EngineFonts/Faces/DroidSansFallback.uexp" 15
"../../../Engine/Content/EngineFonts/Faces/DroidSansFallback.uasset" 16
"../../../Engine/Content/EngineFonts/Faces/DroidSansFallback.ufont" 17
"../../../Engine/Content/EngineFonts/Faces/RobotoBold.uexp" 18
"../../../Engine/Content/EngineFonts/Faces/RobotoBold.uasset" 19
"../../../Engine/Content/EngineFonts/Faces/RobotoBold.ufont" 20
"../../../Engine/Content/EngineFonts/Faces/RobotoBoldItalic.uexp" 21
"../../../Engine/Content/EngineFonts/Faces/RobotoBoldItalic.uasset" 22
"../../../Engine/Content/EngineFonts/Faces/RobotoBoldItalic.ufont" 23
"../../../Engine/Content/EngineFonts/Faces/RobotoItalic.uexp" 24
"../../../Engine/Content/EngineFonts/Faces/RobotoItalic.uasset" 25
"../../../Engine/Content/EngineFonts/Faces/RobotoItalic.ufont" 26
"../../../Engine/Content/EngineFonts/Faces/RobotoLight.uexp" 27
"../../../Engine/Content/EngineFonts/Faces/RobotoLight.uasset" 28
"../../../Engine/Content/EngineFonts/Faces/RobotoLight.ufont" 29
"../../../Engine/Content/EngineFonts/Faces/RobotoRegular.uexp" 30
"../../../Engine/Content/EngineFonts/Faces/RobotoRegular.uasset" 31
"../../../Engine/Content/EngineFonts/Faces/RobotoRegular.ufont" 32
"../../../Engine/Content/EngineFonts/Roboto.uasset" 33
"../../../Engine/Content/EngineFonts/Roboto.uexp" 34
"../../../Engine/Plugins/Interchange/Runtime/Content/Pipelines/DefaultAssetsPipeline.uasset" 35
"../../../Engine/Plugins/Interchange/Runtime/Content/Pipelines/DefaultAssetsPipeline.uexp" 36
"../../../Engine/Plugins/Interchange/Runtime/Content/Pipelines/DefaultAudioPipeline.uasset" 37
"../../../Engine/Plugins/Interchange/Runtime/Content/Pipelines/DefaultAudioPipeline.uexp" 38
"../../../Engine/Content/EngineMaterials/DefaultDestructiblePhysicalMaterial.uasset" 39
"../../../Engine/Content/EngineMaterials/DefaultDestructiblePhysicalMaterial.uexp" 40
"../../../Engine/Content/EngineMaterials/DefaultPhysicalMaterial.uasset" 41
"../../../Engine/Content/EngineMaterials/DefaultPhysicalMaterial.uexp" 42
"../../../Engine/Plugins/Interchange/Runtime/Content/Pipelines/DefaultGLTFAssetsPipeline.uasset" 43
"../../../Engine/Plugins/Interchange/Runtime/Content/Pipelines/DefaultGLTFAssetsPipeline.uexp" 44
"../../../Engine/Plugins/Interchange/Runtime/Content/Pipelines/DefaultGLTFPipeline.uasset" 45
"../../../Engine/Plugins/Interchange/Runtime/Content/Pipelines/DefaultGLTFPipeline.uexp" 46
"../../../Engine/Plugins/Interchange/Runtime/Content/Pipelines/DefaultGLTFSceneAssetsPipeline.uasset" 47
"../../../Engine/Plugins/Interchange/Runtime/Content/Pipelines/DefaultGLTFSceneAssetsPipeline.uexp" 48
"../../../Engine/Content/EngineSounds/Master.uasset" 49
"../../../Engine/Content/EngineSounds/Master.uexp" 50
"../../../Engine/Plugins/Interchange/Runtime/Content/Pipelines/DefaultMaterialPipeline.uasset" 51
"../../../Engine/Plugins/Interchange/Runtime/Content/Pipelines/DefaultMaterialPipeline.uexp" 52
"../../../Engine/Plugins/Interchange/Runtime/Content/Pipelines/DefaultMaterialXPipeline.uasset" 53
"../../../Engine/Plugins/Interchange/Runtime/Content/Pipelines/DefaultMaterialXPipeline.uexp" 54
"../../../Engine/Plugins/Animation/ControlRig/Content/Controls/DefaultGizmoLibraryNormalized.uasset" 55
"../../../Engine/Plugins/Animation/ControlRig/Content/Controls/DefaultGizmoLibraryNormalized.uexp" 56
"../../../Engine/Plugins/Interchange/Runtime/Content/Pipelines/DefaultSceneAssetsPipeline.uasset" 57
"../../../Engine/Plugins/Interchange/Runtime/Content/Pipelines/DefaultSceneAssetsPipeline.uexp" 58
"../../../Engine/Plugins/Interchange/Runtime/Content/Pipelines/DefaultSceneLevelPipeline.uasset" 59
"../../../Engine/Plugins/Interchange/Runtime/Content/Pipelines/DefaultSceneLevelPipeline.uexp" 60
"../../../Engine/Plugins/Interchange/Runtime/Content/Pipelines/DefaultTexturePipeline.uasset" 61
"../../../Engine/Plugins/Interchange/Runtime/Content/Pipelines/DefaultTexturePipeline.uexp" 62
"../../../Engine/Plugins/Interchange/Assets/Content/Functions/MX_UniformEDF.uasset" 63
"../../../Engine/Plugins/Interchange/Assets/Content/Functions/MX_UniformEDF.uexp" 64
"../../../Engine/Plugins/Interchange/Assets/Content/Functions/MX_UsdPreviewSurface.uasset" 65
"../../../Engine/Plugins/Interchange/Assets/Content/Functions/MX_UsdPreviewSurface.uexp" 66
"../../../Engine/Content/EditorResources/BSPVertex.uasset" 67
"../../../Engine/Content/EditorResources/BSPVertex.uexp" 68
"../../../Engine/Content/EngineMaterials/T_Default_Material_Grid_M.ubulk" 69
"../../../Engine/Content/EngineMaterials/T_Default_Material_Grid_M.uasset" 70
"../../../Engine/Content/EngineMaterials/T_Default_Material_Grid_M.uexp" 71
"../../../Engine/Content/EngineMaterials/T_Default_Material_Grid_N.ubulk" 72
"../../../Engine/Content/EngineMaterials/T_Default_Material_Grid_N.uasset" 73
"../../../Engine/Content/EngineMaterials/T_Default_Material_Grid_N.uexp" 74
"../../../Engine/Content/Functions/Engine_MaterialFunctions01/Opacity/CameraDepthFade.uasset" 75
"../../../Engine/Content/Functions/Engine_MaterialFunctions01/Opacity/CameraDepthFade.uexp" 76
"../../../Engine/Content/EngineMaterials/WorldGridMaterial.uasset" 77
"../../../Engine/Content/EngineMaterials/WorldGridMaterial.uexp" 78
"../../../Engine/Plugins/Media/MediaPlate/Content/SM_MediaPlateScreen.ubulk" 79
"../../../Engine/Plugins/Media/MediaPlate/Content/SM_MediaPlateScreen.uasset" 80
"../../../Engine/Plugins/Media/MediaPlate/Content/SM_MediaPlateScreen.uexp" 81
"../../../Engine/Plugins/NNE/NNEDenoiser/Content/NNEDIM_ColorAlbedoNormal_Alpha.uasset" 82
"../../../Engine/Plugins/NNE/NNEDenoiser/Content/NNEDIM_ColorAlbedoNormal_Alpha.uexp" 83
"../../../Engine/Plugins/NNE/NNEDenoiser/Content/NNEDIM_ColorAlbedoNormal_Default.uasset" 84
"../../../Engine/Plugins/NNE/NNEDenoiser/Content/NNEDIM_ColorAlbedoNormal_Default.uexp" 85
"../../../Engine/Plugins/NNE/NNEDenoiser/Content/NNEDIM_HighQuality_Alpha.uasset" 86
"../../../Engine/Plugins/NNE/NNEDenoiser/Content/NNEDIM_HighQuality_Alpha.uexp" 87
"../../../Engine/Content/EngineMaterials/DefaultLightFunctionMaterial.uasset" 88
"../../../Engine/Content/EngineMaterials/DefaultLightFunctionMaterial.uexp" 89
"../../../Engine/Plugins/NNE/NNEDenoiser/Content/NNEDIM_HighQuality_Default.uasset" 90
"../../../Engine/Plugins/NNE/NNEDenoiser/Content/NNEDIM_HighQuality_Default.uexp" 91
"../../../Engine/Content/EngineResources/WhiteSquareTexture.uasset" 92
"../../../Engine/Content/EngineResources/WhiteSquareTexture.uexp" 93
"../../../Engine/Content/EngineMaterials/Widget3DPassThrough.uasset" 94
"../../../Engine/Content/EngineMaterials/Widget3DPassThrough.uexp" 95
"../../../Engine/Content/EngineMaterials/Widget3DPassThrough_Masked.uasset" 96
"../../../Engine/Content/EngineMaterials/Widget3DPassThrough_Masked.uexp" 97
"../../../Engine/Plugins/NNE/NNEDenoiser/Content/NNEDOM_Output_Alpha.uasset" 98
"../../../Engine/Plugins/NNE/NNEDenoiser/Content/NNEDOM_Output_Alpha.uexp" 99
"../../../Engine/Content/EngineMaterials/Widget3DPassThrough_Opaque.uasset" 100
"../../../Engine/Content/EngineMaterials/Widget3DPassThrough_Opaque.uexp" 101
"../../../Engine/Content/EngineMaterials/Widget3DPassThrough_Masked_OneSided.uasset" 102
"../../../Engine/Content/EngineMaterials/Widget3DPassThrough_Masked_OneSided.uexp" 103
"../../../Engine/Plugins/NNE/NNEDenoiser/Content/NNEDOM_Output_Default.uasset" 104
"../../../Engine/Plugins/NNE/NNEDenoiser/Content/NNEDOM_Output_Default.uexp" 105
"../../../Engine/Plugins/NNE/NNEDenoiser/Content/NNEDTIM_ColorAlbedoNormal_Alpha.uasset" 106
"../../../Engine/Plugins/NNE/NNEDenoiser/Content/NNEDTIM_ColorAlbedoNormal_Alpha.uexp" 107
"../../../Engine/Plugins/NNE/NNEDenoiser/Content/NNEDTIM_ColorAlbedoNormal_Default.uasset" 108
"../../../Engine/Plugins/NNE/NNEDenoiser/Content/NNEDTIM_ColorAlbedoNormal_Default.uexp" 109
"../../../Engine/Plugins/NNE/NNEDenoiser/Content/NNEDTOM_Output_Alpha.uasset" 110
"../../../Engine/Plugins/NNE/NNEDenoiser/Content/NNEDTOM_Output_Alpha.uexp" 111
"../../../Engine/Content/EngineMaterials/Widget3DPassThrough_Opaque_OneSided.uasset" 112
"../../../Engine/Content/EngineMaterials/Widget3DPassThrough_Opaque_OneSided.uexp" 113
"../../../Engine/Plugins/NNE/NNEDenoiser/Content/NNEDTOM_Output_Default.uasset" 114
"../../../Engine/Plugins/NNE/NNEDenoiser/Content/NNEDTOM_Output_Default.uexp" 115
"../../../Engine/Plugins/NNE/NNEDenoiser/Content/NNEDT_Oidn2-3_Balanced.uasset" 116
"../../../Engine/Plugins/NNE/NNEDenoiser/Content/NNEDT_Oidn2-3_Balanced.uexp" 117
"../../../Engine/Content/EngineMaterials/Widget3DPassThrough_Translucent.uasset" 118
"../../../Engine/Content/EngineMaterials/Widget3DPassThrough_Translucent.uexp" 119
"../../../Engine/Content/EngineMaterials/Widget3DPassThrough_Translucent_OneSided.uasset" 120
"../../../Engine/Content/EngineMaterials/Widget3DPassThrough_Translucent_OneSided.uexp" 121
"../../../Engine/Plugins/NNE/NNEDenoiser/Content/NNEDT_Oidn2-3_Balanced_Alpha.uasset" 122
"../../../Engine/Plugins/NNE/NNEDenoiser/Content/NNEDT_Oidn2-3_Balanced_Alpha.uexp" 123
"../../../Engine/Plugins/NNE/NNEDenoiser/Content/NNED_Oidn2-3_Balanced.uasset" 124
"../../../Engine/Plugins/NNE/NNEDenoiser/Content/NNED_Oidn2-3_Balanced.uexp" 125
"../../../Engine/Plugins/NNE/NNEDenoiser/Content/NNED_Oidn2-3_Balanced_Alpha.uasset" 126
"../../../Engine/Plugins/NNE/NNEDenoiser/Content/NNED_Oidn2-3_Balanced_Alpha.uexp" 127
"../../../Engine/Plugins/NNE/NNEDenoiser/Content/NNED_Oidn2-3_Fast.uasset" 128
"../../../Engine/Plugins/NNE/NNEDenoiser/Content/NNED_Oidn2-3_Fast.uexp" 129
"../../../Engine/Plugins/NNE/NNEDenoiser/Content/NNED_Oidn2-3_Fast_Alpha.uasset" 130
"../../../Engine/Plugins/NNE/NNEDenoiser/Content/NNED_Oidn2-3_Fast_Alpha.uexp" 131
"../../../Engine/Plugins/NNE/NNEDenoiser/Content/NNED_Oidn2-3_HighQuality.uasset" 132
"../../../Engine/Plugins/NNE/NNEDenoiser/Content/NNED_Oidn2-3_HighQuality.uexp" 133
"../../../Engine/Plugins/NNE/NNEDenoiser/Content/NNED_Oidn2-3_HighQuality_Alpha.uasset" 134
"../../../Engine/Plugins/NNE/NNEDenoiser/Content/NNED_Oidn2-3_HighQuality_Alpha.uexp" 135
"../../../Engine/Plugins/NNE/NNEDenoiser/Content/NNE_oidn2-3-0_rt_hdr_alb_nrm_small__dyn__fp16_opset11_DenoiseAlpha.uasset" 136
"../../../Engine/Plugins/NNE/NNEDenoiser/Content/NNE_oidn2-3-0_rt_hdr_alb_nrm_small__dyn__fp16_opset11_DenoiseAlpha.uexp" 137
"../../../Engine/Plugins/NNE/NNEDenoiser/Content/NNE_oidn2-3-0_rt_hdr_alb_nrm_small__dyn__fp16_opset11_ForwardAlpha.uasset" 138
"../../../Engine/Plugins/NNE/NNEDenoiser/Content/NNE_oidn2-3-0_rt_hdr_alb_nrm_small__dyn__fp16_opset11_ForwardAlpha.uexp" 139
"../../../Engine/Content/Functions/Engine_MaterialFunctions02/Utility/BreakOutFloat2Components.uasset" 140
"../../../Engine/Content/Functions/Engine_MaterialFunctions02/Utility/BreakOutFloat2Components.uexp" 141
"../../../Engine/Content/EngineMaterials/DefaultDiffuse.ubulk" 142
"../../../Engine/Content/EngineMaterials/DefaultDiffuse.uasset" 143
"../../../Engine/Content/EngineMaterials/DefaultDiffuse.uexp" 144
"../../../Engine/Content/EngineMaterials/DefaultPostProcessMaterial.uasset" 145
"../../../Engine/Content/EngineMaterials/DefaultPostProcessMaterial.uexp" 146
"../../../Engine/Plugins/NNE/NNEDenoiser/Content/NNE_oidn2-3-0_rt_hdr_alb_nrm__dyn__fp16_opset11_DenoiseAlpha.uasset" 147
"../../../Engine/Plugins/NNE/NNEDenoiser/Content/NNE_oidn2-3-0_rt_hdr_alb_nrm__dyn__fp16_opset11_DenoiseAlpha.uexp" 148
"../../../Engine/Plugins/NNE/NNEDenoiser/Content/NNE_oidn2-3-0_rt_hdr_alb_nrm__dyn__fp16_opset11_ForwardAlpha.uasset" 149
"../../../Engine/Plugins/NNE/NNEDenoiser/Content/NNE_oidn2-3-0_rt_hdr_alb_nrm__dyn__fp16_opset11_ForwardAlpha.uexp" 150
"../../../Engine/Plugins/NNE/NNEDenoiser/Content/NNE_oidn2-3-0_rt_hdr_calb_cnrm_large__dyn__fp16_opset11_DenoiseAlpha.uasset" 151
"../../../Engine/Plugins/NNE/NNEDenoiser/Content/NNE_oidn2-3-0_rt_hdr_calb_cnrm_large__dyn__fp16_opset11_DenoiseAlpha.uexp" 152
"../../../Engine/Plugins/NNE/NNEDenoiser/Content/NNE_oidn2-3-0_rt_hdr_calb_cnrm_large__dyn__fp16_opset11_ForwardAlpha.uasset" 153
"../../../Engine/Plugins/NNE/NNEDenoiser/Content/NNE_oidn2-3-0_rt_hdr_calb_cnrm_large__dyn__fp16_opset11_ForwardAlpha.uexp" 154
"../../../Engine/Content/EditorLandscapeResources/DefaultAlphaTexture.uasset" 155
"../../../Engine/Content/EditorLandscapeResources/DefaultAlphaTexture.uexp" 156
"../../../Engine/Content/EditorLandscapeResources/ColorMaskBrushMaterial.uasset" 157
"../../../Engine/Content/EditorLandscapeResources/ColorMaskBrushMaterial.uexp" 158
"../../../Engine/Content/EditorLandscapeResources/ColorMaskBrushMaterial_MaskedRegion.uasset" 159
"../../../Engine/Content/EditorLandscapeResources/ColorMaskBrushMaterial_MaskedRegion.uexp" 160
"../../../Engine/Content/EngineFonts/RobotoDistanceField.uasset" 161
"../../../Engine/Content/EngineFonts/RobotoDistanceField.uexp" 162
"../../../Engine/Content/EngineMaterials/DefaultTextMaterialOpaque.uasset" 163
"../../../Engine/Content/EngineMaterials/DefaultTextMaterialOpaque.uexp" 164
"../../../Engine/Content/Functions/Engine_MaterialFunctions02/Utility/MakeFloat3.uasset" 165
"../../../Engine/Content/Functions/Engine_MaterialFunctions02/Utility/MakeFloat3.uexp" 166
"../../../Engine/Content/Functions/Engine_MaterialFunctions02/SplitComponents.uasset" 167
"../../../Engine/Content/Functions/Engine_MaterialFunctions02/SplitComponents.uexp" 168
"../../../Engine/Content/Functions/Engine_MaterialFunctions02/Utility/BreakOutFloat3Components.uasset" 169
"../../../Engine/Content/Functions/Engine_MaterialFunctions02/Utility/BreakOutFloat3Components.uexp" 170
"../../../Engine/Content/Functions/Engine_MaterialFunctions02/Math/Transform3x3Matrix.uasset" 171
"../../../Engine/Content/Functions/Engine_MaterialFunctions02/Math/Transform3x3Matrix.uexp" 172
"../../../Engine/Content/VREditor/SnapGrid/SnapGridMaterial.uasset" 173
"../../../Engine/Content/VREditor/SnapGrid/SnapGridMaterial.uexp" 174
"../../../Engine/Content/VREditor/SnapGrid/SnapGridPlaneMesh.ubulk" 175
"../../../Engine/Content/VREditor/SnapGrid/SnapGridPlaneMesh.uasset" 176
"../../../Engine/Content/VREditor/SnapGrid/SnapGridPlaneMesh.uexp" 177
"../../../Engine/Content/VREditor/LaserPointer/VR_LaserPower_01.ubulk" 178
"../../../Engine/Content/VREditor/LaserPointer/VR_LaserPower_01.uasset" 179
"../../../Engine/Content/VREditor/LaserPointer/VR_LaserPower_01.uexp" 180
"../../../Engine/Content/VREditor/TransformGizmo/TransformGizmoMaterial.uasset" 181
"../../../Engine/Content/VREditor/TransformGizmo/TransformGizmoMaterial.uexp" 182
"../../../Engine/Content/VREditor/TransformGizmo/TranslucentTransformGizmoMaterial.uasset" 183
"../../../Engine/Content/VREditor/TransformGizmo/TranslucentTransformGizmoMaterial.uexp" 184
"../../../Engine/Content/VREditor/TransformGizmo/PlaneTranslationHandle.ubulk" 185
"../../../Engine/Content/VREditor/TransformGizmo/PlaneTranslationHandle.uasset" 186
"../../../Engine/Content/VREditor/TransformGizmo/PlaneTranslationHandle.uexp" 187
"../../../Engine/Content/VREditor/TransformGizmo/RotationHandleFull.ubulk" 188
"../../../Engine/Content/VREditor/TransformGizmo/RotationHandleFull.uasset" 189
"../../../Engine/Content/VREditor/TransformGizmo/RotationHandleFull.uexp" 190
"../../../Engine/Content/VREditor/TransformGizmo/RotationHandleIndicator.ubulk" 191
"../../../Engine/Content/VREditor/TransformGizmo/RotationHandleIndicator.uasset" 192
"../../../Engine/Content/VREditor/TransformGizmo/RotationHandleIndicator.uexp" 193
"../../../Engine/Content/VREditor/TransformGizmo/RotationHandleQuarter.ubulk" 194
"../../../Engine/Content/VREditor/TransformGizmo/RotationHandleQuarter.uasset" 195
"../../../Engine/Content/VREditor/TransformGizmo/RotationHandleQuarter.uexp" 196
"../../../Engine/Content/VREditor/TransformGizmo/StartRotationHandleIndicator.ubulk" 197
"../../../Engine/Content/VREditor/TransformGizmo/StartRotationHandleIndicator.uasset" 198
"../../../Engine/Content/VREditor/TransformGizmo/StartRotationHandleIndicator.uexp" 199
"../../../Engine/Content/VREditor/TransformGizmo/TranslucentTransformGizmoMaterial_Inst.uasset" 200
"../../../Engine/Content/VREditor/TransformGizmo/TranslucentTransformGizmoMaterial_Inst.uexp" 201
"../../../Engine/Content/VREditor/TransformGizmo/TransformGizmoFreeRotation.ubulk" 202
"../../../Engine/Content/VREditor/TransformGizmo/TransformGizmoFreeRotation.uasset" 203
"../../../Engine/Content/VREditor/TransformGizmo/TransformGizmoFreeRotation.uexp" 204
"../../../Engine/Content/VREditor/TransformGizmo/TransformGizmoMaterial_Inst.uasset" 205
"../../../Engine/Content/VREditor/TransformGizmo/TransformGizmoMaterial_Inst.uexp" 206
"../../../Engine/Content/VREditor/TransformGizmo/TranslateArrowHandle.ubulk" 207
"../../../Engine/Content/VREditor/TransformGizmo/TranslateArrowHandle.uasset" 208
"../../../Engine/Content/VREditor/TransformGizmo/TranslateArrowHandle.uexp" 209
"../../../Engine/Content/VREditor/TransformGizmo/UniformScaleHandle.ubulk" 210
"../../../Engine/Content/VREditor/TransformGizmo/UniformScaleHandle.uasset" 211
"../../../Engine/Content/VREditor/TransformGizmo/UniformScaleHandle.uexp" 212
"../../../Engine/Content/VREditor/Sounds/UI/Drop_Item_From_ContentBrowser.ubulk" 213
"../../../Engine/Content/VREditor/Sounds/UI/Drop_Item_From_ContentBrowser.uasset" 214
"../../../Engine/Content/VREditor/Sounds/UI/Drop_Item_From_ContentBrowser.uexp" 215
"../../../Engine/Content/VREditor/Sounds/UI/Gizmo_Handle_Clicked.ubulk" 216
"../../../Engine/Content/VREditor/Sounds/UI/Gizmo_Handle_Clicked.uasset" 217
"../../../Engine/Content/VREditor/Sounds/UI/Gizmo_Handle_Clicked.uexp" 218
"../../../Engine/Content/VREditor/Sounds/UI/Object_PickUp.ubulk" 219
"../../../Engine/Content/VREditor/Sounds/UI/Object_PickUp.uasset" 220
"../../../Engine/Content/VREditor/Sounds/UI/Object_PickUp.uexp" 221
"../../../Engine/Content/VREditor/Sounds/UI/Object_Snaps_To_Another_Actor.ubulk" 222
"../../../Engine/Content/VREditor/Sounds/UI/Object_Snaps_To_Another_Actor.uasset" 223
"../../../Engine/Content/VREditor/Sounds/UI/Object_Snaps_To_Another_Actor.uexp" 224
"../../../Engine/Content/VREditor/Sounds/UI/Object_Snaps_To_Grid.ubulk" 225
"../../../Engine/Content/VREditor/Sounds/UI/Object_Snaps_To_Grid.uasset" 226
"../../../Engine/Content/VREditor/Sounds/UI/Object_Snaps_To_Grid.uexp" 227
"../../../Engine/Content/VREditor/Sounds/UI/Scaling_Down.ubulk" 228
"../../../Engine/Content/VREditor/Sounds/UI/Scaling_Down.uasset" 229
"../../../Engine/Content/VREditor/Sounds/UI/Scaling_Down.uexp" 230
"../../../Engine/Content/VREditor/Sounds/UI/Scaling_Up.ubulk" 231
"../../../Engine/Content/VREditor/Sounds/UI/Scaling_Up.uasset" 232
"../../../Engine/Content/VREditor/Sounds/UI/Scaling_Up.uexp" 233
"../../../Engine/Content/VREditor/Sounds/UI/Selection_Changes.ubulk" 234
"../../../Engine/Content/VREditor/Sounds/UI/Selection_Changes.uasset" 235
"../../../Engine/Content/VREditor/Sounds/UI/Selection_Changes.uexp" 236
"../../../Engine/Content/Functions/Engine_MaterialFunctions02/Utility/CameraDirectionVector.uasset" 237
"../../../Engine/Content/Functions/Engine_MaterialFunctions02/Utility/CameraDirectionVector.uexp" 238
"../../../Engine/Content/Functions/Engine_MaterialFunctions02/Utility/VectorLength.uasset" 239
"../../../Engine/Content/Functions/Engine_MaterialFunctions02/Utility/VectorLength.uexp" 240
"../../../Engine/Plugins/Experimental/MeshModelingToolsetExp/Content/Materials/GetDisplacementVectorForDepthBias.uasset" 241
"../../../Engine/Plugins/Experimental/MeshModelingToolsetExp/Content/Materials/GetDisplacementVectorForDepthBias.uexp" 242
"../../../Engine/Content/Functions/Engine_MaterialFunctions03/Viewport/MF_OrthoWidth.uasset" 243
"../../../Engine/Content/Functions/Engine_MaterialFunctions03/Viewport/MF_OrthoWidth.uexp" 244
"../../../Engine/Content/Functions/Engine_MaterialFunctions02/Utility/FOV.uasset" 245
"../../../Engine/Content/Functions/Engine_MaterialFunctions02/Utility/FOV.uexp" 246
"../../../Engine/Content/Functions/Engine_MaterialFunctions02/WorldPositionOffset/V2/ObjectScale.uasset" 247
"../../../Engine/Content/Functions/Engine_MaterialFunctions02/WorldPositionOffset/V2/ObjectScale.uexp" 248
"../../../Engine/Plugins/Experimental/MeshModelingToolsetExp/Content/Materials/PointSetOverlaidComponentMaterial.uasset" 249
"../../../Engine/Plugins/Experimental/MeshModelingToolsetExp/Content/Materials/PointSetOverlaidComponentMaterial.uexp" 250
"../../../Engine/Content/EditorResources/S_Actor.ubulk" 251
"../../../Engine/Content/EditorResources/S_Actor.uasset" 252
"../../../Engine/Content/EditorResources/S_Actor.uexp" 253
"../../../Engine/Content/EngineMaterials/DefaultWhiteGrid.ubulk" 254
"../../../Engine/Content/EngineMaterials/DefaultWhiteGrid.uasset" 255
"../../../Engine/Content/EngineMaterials/DefaultWhiteGrid.uexp" 256
"../../../Engine/Plugins/Interchange/Assets/Content/Functions/MX_AbsorptionVDF.uasset" 257
"../../../Engine/Plugins/Interchange/Assets/Content/Functions/MX_AbsorptionVDF.uexp" 258
"../../../Engine/Content/EditorResources/S_BoxReflectionCapture.uasset" 259
"../../../Engine/Content/EditorResources/S_BoxReflectionCapture.uexp" 260
"../../../Engine/Content/EngineDebugMaterials/M_SimpleUnlitTranslucent.uasset" 261
"../../../Engine/Content/EngineDebugMaterials/M_SimpleUnlitTranslucent.uexp" 262
"../../../Engine/Content/EngineDebugMaterials/VolumeToRender.uasset" 263
"../../../Engine/Content/EngineDebugMaterials/VolumeToRender.uexp" 264
"../../../Engine/Content/EngineDebugMaterials/M_VolumeRenderSphereTracePP.uasset" 265
"../../../Engine/Content/EngineDebugMaterials/M_VolumeRenderSphereTracePP.uexp" 266
"../../../Engine/Content/EngineMaterials/DefaultMaterial.uasset" 267
"../../../Engine/Content/EngineMaterials/DefaultMaterial.uexp" 268
"../../../Engine/Content/EngineMeshes/Cylinder.ubulk" 269
"../../../Engine/Content/EngineMeshes/Cylinder.uasset" 270
"../../../Engine/Content/EngineMeshes/Cylinder.uexp" 271
"../../../Engine/Plugins/Interchange/Assets/Content/Functions/MX_AnisotropicVDF.uasset" 272
"../../../Engine/Plugins/Interchange/Assets/Content/Functions/MX_AnisotropicVDF.uexp" 273
"../../../Engine/Content/BasicShapes/BasicShapeMaterial.uasset" 274
"../../../Engine/Content/BasicShapes/BasicShapeMaterial.uexp" 275
"../../../Engine/Content/EngineMaterials/DefaultWhiteGrid_Low.uasset" 276
"../../../Engine/Content/EngineMaterials/DefaultWhiteGrid_Low.uexp" 277
"../../../Engine/Content/EngineMaterials/EmissiveMeshMaterial.uasset" 278
"../../../Engine/Content/EngineMaterials/EmissiveMeshMaterial.uexp" 279
"../../../Engine/Plugins/Animation/ControlRig/Content/Controls/ControlRigGizmoMaterial.uasset" 280
"../../../Engine/Plugins/Animation/ControlRig/Content/Controls/ControlRigGizmoMaterial.uexp" 281
"../../../Engine/Plugins/Interchange/Assets/Content/Functions/MX_BurleyDiffuseBSDF.uasset" 282
"../../../Engine/Plugins/Interchange/Assets/Content/Functions/MX_BurleyDiffuseBSDF.uexp" 283
"../../../Engine/Plugins/Animation/ControlRig/Content/Controls/ControlRigXRayMaterial.uasset" 284
"../../../Engine/Plugins/Animation/ControlRig/Content/Controls/ControlRigXRayMaterial.uexp" 285
"../../../Engine/Content/EditorMaterials/PhAT_NoCollisionMaterial.uasset" 286
"../../../Engine/Content/EditorMaterials/PhAT_NoCollisionMaterial.uexp" 287
"../../../Engine/Content/EditorLandscapeResources/LandscapeDirtyMaterial.uasset" 288
"../../../Engine/Content/EditorLandscapeResources/LandscapeDirtyMaterial.uexp" 289
"../../../Engine/Content/EngineMaterials/FastBlueNoise_scalar_128x128x64.uasset" 290
"../../../Engine/Content/EngineMaterials/FastBlueNoise_scalar_128x128x64.uexp" 291
"../../../Engine/Plugins/Interchange/Assets/Content/Functions/MX_ChiangHairBSDF.uasset" 292
"../../../Engine/Plugins/Interchange/Assets/Content/Functions/MX_ChiangHairBSDF.uexp" 293
"../../../Engine/Content/EditorMaterials/PhAT_UnselectedMaterial.uasset" 294
"../../../Engine/Content/EditorMaterials/PhAT_UnselectedMaterial.uexp" 295
"../../../Engine/Plugins/Animation/ControlRig/Content/Controls/ControlRig_Arrow2_1mm.ubulk" 296
"../../../Engine/Plugins/Animation/ControlRig/Content/Controls/ControlRig_Arrow2_1mm.uasset" 297
"../../../Engine/Plugins/Animation/ControlRig/Content/Controls/ControlRig_Arrow2_1mm.uexp" 298
"../../../Engine/Content/BasicShapes/Cone.ubulk" 299
"../../../Engine/Content/BasicShapes/Cone.uasset" 300
"../../../Engine/Content/BasicShapes/Cone.uexp" 301
"../../../Engine/Content/EngineMaterials/FastBlueNoise_scalar_128x128x8.uasset" 302
"../../../Engine/Content/EngineMaterials/FastBlueNoise_scalar_128x128x8.uexp" 303
"../../../Engine/Content/EditorMaterials/PreviewShadowIndicator.ubulk" 304
"../../../Engine/Content/EditorMaterials/PreviewShadowIndicator.uasset" 305
"../../../Engine/Content/EditorMaterials/PreviewShadowIndicator.uexp" 306
"../../../Engine/Content/EditorMaterials/PreviewShadowIndicatorMaterial.uasset" 307
"../../../Engine/Content/EditorMaterials/PreviewShadowIndicatorMaterial.uexp" 308
"../../../Engine/Plugins/Animation/ControlRig/Content/Controls/ControlRig_Arrow2_3mm.ubulk" 309
"../../../Engine/Plugins/Animation/ControlRig/Content/Controls/ControlRig_Arrow2_3mm.uasset" 310
"../../../Engine/Plugins/Animation/ControlRig/Content/Controls/ControlRig_Arrow2_3mm.uexp" 311
"../../../Engine/Content/BasicShapes/Cube.ubulk" 312
"../../../Engine/Content/BasicShapes/Cube.uasset" 313
"../../../Engine/Content/BasicShapes/Cube.uexp" 314
"../../../Engine/Plugins/Interchange/Assets/Content/Functions/MX_ConductorBSDF.uasset" 315
"../../../Engine/Plugins/Interchange/Assets/Content/Functions/MX_ConductorBSDF.uexp" 316
"../../../Engine/Content/EngineMaterials/FastBlueNoise_vec2_128x128x64.uasset" 317
"../../../Engine/Content/EngineMaterials/FastBlueNoise_vec2_128x128x64.uexp" 318
"../../../Engine/Plugins/Interchange/Assets/Content/Functions/MX_ConicalEDF.uasset" 319
"../../../Engine/Plugins/Interchange/Assets/Content/Functions/MX_ConicalEDF.uexp" 320
"../../../Engine/Plugins/Animation/ControlRig/Content/Controls/ControlRig_Arrow2_solid.ubulk" 321
"../../../Engine/Plugins/Animation/ControlRig/Content/Controls/ControlRig_Arrow2_solid.uasset" 322
"../../../Engine/Plugins/Animation/ControlRig/Content/Controls/ControlRig_Arrow2_solid.uexp" 323
"../../../Engine/Content/Functions/Engine_MaterialFunctions01/Texturing/TextureCropping.uasset" 324
"../../../Engine/Content/Functions/Engine_MaterialFunctions01/Texturing/TextureCropping.uexp" 325
"../../../Engine/Content/Functions/Engine_MaterialFunctions02/ExampleContent/DebugNumberStrip.uasset" 326
"../../../Engine/Content/Functions/Engine_MaterialFunctions02/ExampleContent/DebugNumberStrip.uexp" 327
"../../../Engine/Content/Functions/Engine_MaterialFunctions01/Debug/DebugIntValues.uasset" 328
"../../../Engine/Content/Functions/Engine_MaterialFunctions01/Debug/DebugIntValues.uexp" 329
"../../../Engine/Content/Functions/Engine_MaterialFunctions01/Texturing/ScaleUVsByCenter.uasset" 330
"../../../Engine/Content/Functions/Engine_MaterialFunctions01/Texturing/ScaleUVsByCenter.uexp" 331
"../../../Engine/Content/Functions/Engine_MaterialFunctions02/WorldPositionOffset/LocalPosition.uasset" 332
"../../../Engine/Content/Functions/Engine_MaterialFunctions02/WorldPositionOffset/LocalPosition.uexp" 333
"../../../Engine/Content/EditorLandscapeResources/LandscapeLayerUsageMaterial.uasset" 334
"../../../Engine/Content/EditorLandscapeResources/LandscapeLayerUsageMaterial.uexp" 335
"../../../Engine/Plugins/Interchange/Assets/Content/Functions/MX_DielectricBSDF.uasset" 336
"../../../Engine/Plugins/Interchange/Assets/Content/Functions/MX_DielectricBSDF.uexp" 337
"../../../Engine/Content/BasicShapes/Cylinder.ubulk" 338
"../../../Engine/Content/BasicShapes/Cylinder.uasset" 339
"../../../Engine/Content/BasicShapes/Cylinder.uexp" 340
"../../../Engine/Plugins/Interchange/Assets/Content/Functions/MX_Displacement.uasset" 341
"../../../Engine/Plugins/Interchange/Assets/Content/Functions/MX_Displacement.uexp" 342
"../../../Engine/Plugins/Interchange/Assets/Content/Functions/MX_GeneralizedSchlickBSDF.uasset" 343
"../../../Engine/Plugins/Interchange/Assets/Content/Functions/MX_GeneralizedSchlickBSDF.uexp" 344
"../../../Engine/Content/EngineMeshes/Sphere.ubulk" 345
"../../../Engine/Content/EngineMeshes/Sphere.uasset" 346
"../../../Engine/Content/EngineMeshes/Sphere.uexp" 347
"../../../Engine/Content/EngineMaterials/BaseFlattenDiffuseMap.uasset" 348
"../../../Engine/Content/EngineMaterials/BaseFlattenDiffuseMap.uexp" 349
"../../../Engine/Content/EngineMaterials/BaseFlattenEmissiveMap.uasset" 350
"../../../Engine/Content/EngineMaterials/BaseFlattenEmissiveMap.uexp" 351
"../../../Engine/Content/EngineMaterials/BaseFlattenGrayscaleMap.uasset" 352
"../../../Engine/Content/EngineMaterials/BaseFlattenGrayscaleMap.uexp" 353
"../../../Engine/Content/EngineMaterials/BaseFlattenLinearColor.uasset" 354
"../../../Engine/Content/EngineMaterials/BaseFlattenLinearColor.uexp" 355
"../../../Engine/Content/EngineMaterials/BaseFlattenNormalMap.uasset" 356
"../../../Engine/Content/EngineMaterials/BaseFlattenNormalMap.uexp" 357
"../../../Engine/Content/Functions/Engine_MaterialFunctions02/PivotPainter2/Black_1x1_EXR_Texture.uasset" 358
"../../../Engine/Content/Functions/Engine_MaterialFunctions02/PivotPainter2/Black_1x1_EXR_Texture.uexp" 359
"../../../Engine/Content/EngineMaterials/FlattenMaterial.uasset" 360
"../../../Engine/Content/EngineMaterials/FlattenMaterial.uexp" 361
"../../../Engine/Plugins/Animation/ControlRig/Content/Controls/ControlRig_Arrow4_1mm.ubulk" 362
"../../../Engine/Plugins/Animation/ControlRig/Content/Controls/ControlRig_Arrow4_1mm.uasset" 363
"../../../Engine/Plugins/Animation/ControlRig/Content/Controls/ControlRig_Arrow4_1mm.uexp" 364
"../../../Engine/Content/EngineMaterials/BaseFlattenDiffuseMap_VT.ubulk" 365
"../../../Engine/Content/EngineMaterials/BaseFlattenDiffuseMap_VT.uasset" 366
"../../../Engine/Content/EngineMaterials/BaseFlattenDiffuseMap_VT.uexp" 367
"../../../Engine/Content/EngineMaterials/BaseFlattenEmissiveMap_VT.ubulk" 368
"../../../Engine/Content/EngineMaterials/BaseFlattenEmissiveMap_VT.uasset" 369
"../../../Engine/Content/EngineMaterials/BaseFlattenEmissiveMap_VT.uexp" 370
"../../../Engine/Content/EngineMaterials/BaseFlattenGrayscaleMap_VT.ubulk" 371
"../../../Engine/Content/EngineMaterials/BaseFlattenGrayscaleMap_VT.uasset" 372
"../../../Engine/Content/EngineMaterials/BaseFlattenGrayscaleMap_VT.uexp" 373
"../../../Engine/Content/EngineMaterials/BaseFlattenLinearColor_VT.ubulk" 374
"../../../Engine/Content/EngineMaterials/BaseFlattenLinearColor_VT.uasset" 375
"../../../Engine/Content/EngineMaterials/BaseFlattenLinearColor_VT.uexp" 376
"../../../Engine/Content/EngineMaterials/BaseFlattenNormalMap_VT.ubulk" 377
"../../../Engine/Content/EngineMaterials/BaseFlattenNormalMap_VT.uasset" 378
"../../../Engine/Content/EngineMaterials/BaseFlattenNormalMap_VT.uexp" 379
"../../../Engine/Content/EngineMaterials/Black_1x1_EXR_Texture_VT.ubulk" 380
"../../../Engine/Content/EngineMaterials/Black_1x1_EXR_Texture_VT.uasset" 381
"../../../Engine/Content/EngineMaterials/Black_1x1_EXR_Texture_VT.uexp" 382
"../../../Engine/Content/EngineMaterials/FlattenMaterial_VT.uasset" 383
"../../../Engine/Content/EngineMaterials/FlattenMaterial_VT.uexp" 384
"../../../Engine/Content/EngineMaterials/FlattenMaterial_WS_Normal_VT.uasset" 385
"../../../Engine/Content/EngineMaterials/FlattenMaterial_WS_Normal_VT.uexp" 386
"../../../Engine/Plugins/Animation/ControlRig/Content/Controls/ControlRig_Arrow4_3mm.ubulk" 387
"../../../Engine/Plugins/Animation/ControlRig/Content/Controls/ControlRig_Arrow4_3mm.uasset" 388
"../../../Engine/Plugins/Animation/ControlRig/Content/Controls/ControlRig_Arrow4_3mm.uexp" 389
"../../../Engine/Content/BasicShapes/Plane.ubulk" 390
"../../../Engine/Content/BasicShapes/Plane.uasset" 391
"../../../Engine/Content/BasicShapes/Plane.uexp" 392
"../../../Engine/Plugins/Animation/ControlRig/Content/Controls/ControlRig_Arrow4_solid.ubulk" 393
"../../../Engine/Plugins/Animation/ControlRig/Content/Controls/ControlRig_Arrow4_solid.uasset" 394
"../../../Engine/Plugins/Animation/ControlRig/Content/Controls/ControlRig_Arrow4_solid.uexp" 395
"../../../Engine/Content/EditorLandscapeResources/WhiteSquareTexture.uasset" 396
"../../../Engine/Content/EditorLandscapeResources/WhiteSquareTexture.uexp" 397
"../../../Engine/Content/EditorLandscapeResources/LayerVisMaterial.uasset" 398
"../../../Engine/Content/EditorLandscapeResources/LayerVisMaterial.uexp" 399
"../../../Engine/Content/EngineMaterials/GizmoMaterial.uasset" 400
"../../../Engine/Content/EngineMaterials/GizmoMaterial.uexp" 401
"../../../Engine/Content/BasicShapes/Sphere.ubulk" 402
"../../../Engine/Content/BasicShapes/Sphere.uasset" 403
"../../../Engine/Content/BasicShapes/Sphere.uexp" 404
"../../../Engine/Plugins/Interchange/Assets/Content/Functions/MX_MeasuredEDF.uasset" 405
"../../../Engine/Plugins/Interchange/Assets/Content/Functions/MX_MeasuredEDF.uexp" 406
"../../../Engine/Plugins/Interchange/Assets/Content/Functions/MF_IridescenceNoLUT.uasset" 407
"../../../Engine/Plugins/Interchange/Assets/Content/Functions/MF_IridescenceNoLUT.uexp" 408
"../../../Engine/Plugins/Interchange/Assets/Content/Functions/MX_StandardSurface.uasset" 409
"../../../Engine/Plugins/Interchange/Assets/Content/Functions/MX_StandardSurface.uexp" 410
"../../../Engine/Plugins/Interchange/Assets/Content/Functions/MX_OpenPBR_Opaque.uasset" 411
"../../../Engine/Plugins/Interchange/Assets/Content/Functions/MX_OpenPBR_Opaque.uexp" 412
"../../../Engine/Plugins/Animation/ControlRig/Content/Controls/ControlRig_Arrow_1mm.ubulk" 413
"../../../Engine/Plugins/Animation/ControlRig/Content/Controls/ControlRig_Arrow_1mm.uasset" 414
"../../../Engine/Plugins/Animation/ControlRig/Content/Controls/ControlRig_Arrow_1mm.uexp" 415
"../../../Engine/Content/Functions/Engine_MaterialFunctions03/Math/WithinRangeFloat2.uasset" 416
"../../../Engine/Content/Functions/Engine_MaterialFunctions03/Math/WithinRangeFloat2.uexp" 417
"../../../Engine/Content/EditorLandscapeResources/MaskBrushMaterial.uasset" 418
"../../../Engine/Content/EditorLandscapeResources/MaskBrushMaterial.uexp" 419
"../../../Engine/Content/EditorLandscapeResources/MaskBrushMaterial_MaskedRegion.uasset" 420
"../../../Engine/Content/EditorLandscapeResources/MaskBrushMaterial_MaskedRegion.uexp" 421
"../../../Engine/Plugins/Interchange/Assets/Content/Functions/MX_TransmissionSurface.uasset" 422
"../../../Engine/Plugins/Interchange/Assets/Content/Functions/MX_TransmissionSurface.uexp" 423
"../../../Engine/Plugins/Interchange/Assets/Content/Functions/MX_OpenPBR_Translucent.uasset" 424
"../../../Engine/Plugins/Interchange/Assets/Content/Functions/MX_OpenPBR_Translucent.uexp" 425
"../../../Engine/Plugins/Animation/ControlRig/Content/Controls/ControlRig_Arrow_3mm.ubulk" 426
"../../../Engine/Plugins/Animation/ControlRig/Content/Controls/ControlRig_Arrow_3mm.uasset" 427
"../../../Engine/Plugins/Animation/ControlRig/Content/Controls/ControlRig_Arrow_3mm.uexp" 428
"../../../Engine/Plugins/Interchange/Assets/Content/Functions/MX_OrenNayarBSDF.uasset" 429
"../../../Engine/Plugins/Interchange/Assets/Content/Functions/MX_OrenNayarBSDF.uexp" 430
"../../../Engine/Content/EditorLandscapeResources/SelectBrushMaterial.uasset" 431
"../../../Engine/Content/EditorLandscapeResources/SelectBrushMaterial.uexp" 432
"../../../Engine/Content/EditorLandscapeResources/SelectBrushMaterial_Selected.uasset" 433
"../../../Engine/Content/EditorLandscapeResources/SelectBrushMaterial_Selected.uexp" 434
"../../../Engine/Plugins/Animation/ControlRig/Content/Controls/ControlRig_Arrow_solid.ubulk" 435
"../../../Engine/Plugins/Animation/ControlRig/Content/Controls/ControlRig_Arrow_solid.uasset" 436
"../../../Engine/Plugins/Animation/ControlRig/Content/Controls/ControlRig_Arrow_solid.uexp" 437
"../../../Engine/Plugins/Interchange/Assets/Content/Functions/MX_SheenBSDF.uasset" 438
"../../../Engine/Plugins/Interchange/Assets/Content/Functions/MX_SheenBSDF.uexp" 439
"../../../Engine/Content/EditorLandscapeResources/SelectBrushMaterial_SelectedRegion.uasset" 440
"../../../Engine/Content/EditorLandscapeResources/SelectBrushMaterial_SelectedRegion.uexp" 441
"../../../Engine/Plugins/Animation/ControlRig/Content/Controls/ControlRig_Box_1mm.ubulk" 442
"../../../Engine/Plugins/Animation/ControlRig/Content/Controls/ControlRig_Box_1mm.uasset" 443
"../../../Engine/Plugins/Animation/ControlRig/Content/Controls/ControlRig_Box_1mm.uexp" 444
"../../../Engine/Content/EngineResources/Black.uasset" 445
"../../../Engine/Content/EngineResources/Black.uexp" 446
"../../../Engine/Content/EditorLandscapeResources/SplineEditorMeshMat.uasset" 447
"../../../Engine/Content/EditorLandscapeResources/SplineEditorMeshMat.uexp" 448
"../../../Engine/Content/EditorLandscapeResources/SplineEditorMesh.ubulk" 449
"../../../Engine/Content/EditorLandscapeResources/SplineEditorMesh.uasset" 450
"../../../Engine/Content/EditorLandscapeResources/SplineEditorMesh.uexp" 451
"../../../Engine/Plugins/Animation/ControlRig/Content/Controls/ControlRig_Box_3mm.ubulk" 452
"../../../Engine/Plugins/Animation/ControlRig/Content/Controls/ControlRig_Box_3mm.uasset" 453
"../../../Engine/Plugins/Animation/ControlRig/Content/Controls/ControlRig_Box_3mm.uexp" 454
"../../../Engine/Content/EditorResources/S_Solver.ubulk" 455
"../../../Engine/Content/EditorResources/S_Solver.uasset" 456
"../../../Engine/Content/EditorResources/S_Solver.uexp" 457
"../../../Engine/Plugins/Interchange/Assets/Content/Functions/MX_SubsurfaceBSDF.uasset" 458
"../../../Engine/Plugins/Interchange/Assets/Content/Functions/MX_SubsurfaceBSDF.uexp" 459
"../../../Engine/Plugins/Interchange/Assets/Content/Functions/MX_Surface.uasset" 460
"../../../Engine/Plugins/Interchange/Assets/Content/Functions/MX_Surface.uexp" 461
"../../../Engine/Plugins/Animation/ControlRig/Content/Controls/ControlRig_Box_solid.ubulk" 462
"../../../Engine/Plugins/Animation/ControlRig/Content/Controls/ControlRig_Box_solid.uasset" 463
"../../../Engine/Plugins/Animation/ControlRig/Content/Controls/ControlRig_Box_solid.uexp" 464
"../../../Engine/Plugins/Interchange/Assets/Content/Functions/MX_SurfaceUnlit.uasset" 465
"../../../Engine/Plugins/Interchange/Assets/Content/Functions/MX_SurfaceUnlit.uexp" 466
"../../../Engine/Plugins/Animation/ControlRig/Content/Controls/ControlRig_Circle_1mm.ubulk" 467
"../../../Engine/Plugins/Animation/ControlRig/Content/Controls/ControlRig_Circle_1mm.uasset" 468
"../../../Engine/Plugins/Animation/ControlRig/Content/Controls/ControlRig_Circle_1mm.uexp" 469
"../../../Engine/Content/EditorResources/S_Terrain.ubulk" 470
"../../../Engine/Content/EditorResources/S_Terrain.uasset" 471
"../../../Engine/Content/EditorResources/S_Terrain.uexp" 472
"../../../Engine/Plugins/Interchange/Assets/Content/Functions/MX_TranslucentBSDF.uasset" 473
"../../../Engine/Plugins/Interchange/Assets/Content/Functions/MX_TranslucentBSDF.uexp" 474
"../../../Engine/Content/EngineMaterials/MiniFont.uasset" 475
"../../../Engine/Content/EngineMaterials/MiniFont.uexp" 476
"../../../Engine/Content/EngineResources/DefaultTextureCube.uasset" 477
"../../../Engine/Content/EngineResources/DefaultTextureCube.uexp" 478
"../../../Engine/Plugins/Animation/ControlRig/Content/Controls/ControlRig_Circle_3mm.ubulk" 479
"../../../Engine/Plugins/Animation/ControlRig/Content/Controls/ControlRig_Circle_3mm.uasset" 480
"../../../Engine/Plugins/Animation/ControlRig/Content/Controls/ControlRig_Circle_3mm.uexp" 481
"../../../Engine/Content/EngineMaterials/InvalidLightmapSettings.ubulk" 482
"../../../Engine/Content/EngineMaterials/InvalidLightmapSettings.uasset" 483
"../../../Engine/Content/EngineMaterials/InvalidLightmapSettings.uexp" 484
"../../../Engine/Content/EngineMaterials/M_InvalidLightmapSettings.uasset" 485
"../../../Engine/Content/EngineMaterials/M_InvalidLightmapSettings.uexp" 486
"../../../Engine/Content/EditorResources/S_Trigger.ubulk" 487
"../../../Engine/Content/EditorResources/S_Trigger.uasset" 488
"../../../Engine/Content/EditorResources/S_Trigger.uexp" 489
"../../../Engine/Plugins/Animation/ControlRig/Content/Controls/ControlRig_Circle_solid.ubulk" 490
"../../../Engine/Plugins/Animation/ControlRig/Content/Controls/ControlRig_Circle_solid.uasset" 491
"../../../Engine/Plugins/Animation/ControlRig/Content/Controls/ControlRig_Circle_solid.uexp" 492
"../../../Engine/Content/EditorResources/S_TriggerBox.uasset" 493
"../../../Engine/Content/EditorResources/S_TriggerBox.uexp" 494
"../../../Engine/Content/EngineMaterials/NaniteHiddenSectionMaterial.uasset" 495
"../../../Engine/Content/EngineMaterials/NaniteHiddenSectionMaterial.uexp" 496
"../../../Engine/Plugins/Animation/ControlRig/Content/Controls/ControlRig_Diamond_1mm.ubulk" 497
"../../../Engine/Plugins/Animation/ControlRig/Content/Controls/ControlRig_Diamond_1mm.uasset" 498
"../../../Engine/Plugins/Animation/ControlRig/Content/Controls/ControlRig_Diamond_1mm.uexp" 499
"../../../Engine/Content/EditorResources/S_TriggerCapsule.uasset" 500
"../../../Engine/Content/EditorResources/S_TriggerCapsule.uexp" 501
"../../../Engine/Content/EditorResources/S_TriggerSphere.uasset" 502
"../../../Engine/Content/EditorResources/S_TriggerSphere.uexp" 503
"../../../Engine/Plugins/Animation/ControlRig/Content/Controls/ControlRig_Diamond_3mm.ubulk" 504
"../../../Engine/Plugins/Animation/ControlRig/Content/Controls/ControlRig_Diamond_3mm.uasset" 505
"../../../Engine/Plugins/Animation/ControlRig/Content/Controls/ControlRig_Diamond_3mm.uexp" 506
"../../../Engine/Plugins/Runtime/AudioWidgets/Content/Resources/ScrubHandleDown_Clamped.uasset" 507
"../../../Engine/Plugins/Runtime/AudioWidgets/Content/Resources/ScrubHandleDown_Clamped.uexp" 508
"../../../Engine/Plugins/Interchange/Assets/Content/Substrate/MX_SimpleVolume.uasset" 509
"../../../Engine/Plugins/Interchange/Assets/Content/Substrate/MX_SimpleVolume.uexp" 510
"../../../Engine/Plugins/Animation/ControlRig/Content/Controls/ControlRig_Diamond_solid.ubulk" 511
"../../../Engine/Plugins/Animation/ControlRig/Content/Controls/ControlRig_Diamond_solid.uasset" 512
"../../../Engine/Plugins/Animation/ControlRig/Content/Controls/ControlRig_Diamond_solid.uexp" 513
"../../../Engine/Content/Functions/Engine_MaterialFunctions02/WorldPositionOffset/CameraOffset.uasset" 514
"../../../Engine/Content/Functions/Engine_MaterialFunctions02/WorldPositionOffset/CameraOffset.uexp" 515
"../../../Engine/Content/EngineMaterials/PhAT_JointLimitMaterial.uasset" 516
"../../../Engine/Content/EngineMaterials/PhAT_JointLimitMaterial.uexp" 517
"../../../Engine/Content/EngineResources/GradientTexture0.uasset" 518
"../../../Engine/Content/EngineResources/GradientTexture0.uexp" 519
"../../../Engine/Plugins/Animation/ControlRig/Content/Controls/ControlRig_HalfCircle_1mm.ubulk" 520
"../../../Engine/Plugins/Animation/ControlRig/Content/Controls/ControlRig_HalfCircle_1mm.uasset" 521
"../../../Engine/Plugins/Animation/ControlRig/Content/Controls/ControlRig_HalfCircle_1mm.uexp" 522
"../../../Engine/Content/EngineMaterials/DefaultCalibrationColor.uasset" 523
"../../../Engine/Content/EngineMaterials/DefaultCalibrationColor.uexp" 524
"../../../Engine/Content/EngineMaterials/PPM_DefaultCalibrationColor.uasset" 525
"../../../Engine/Content/EngineMaterials/PPM_DefaultCalibrationColor.uexp" 526
"../../../Engine/Plugins/Animation/ControlRig/Content/Controls/ControlRig_HalfCircle_3mm.ubulk" 527
"../../../Engine/Plugins/Animation/ControlRig/Content/Controls/ControlRig_HalfCircle_3mm.uasset" 528
"../../../Engine/Plugins/Animation/ControlRig/Content/Controls/ControlRig_HalfCircle_3mm.uexp" 529
"../../../Engine/Content/EngineMaterials/DefaultCalibrationGrayscale.uasset" 530
"../../../Engine/Content/EngineMaterials/DefaultCalibrationGrayscale.uexp" 531
"../../../Engine/Content/EngineMaterials/PPM_DefaultCalibrationGrayscale.uasset" 532
"../../../Engine/Content/EngineMaterials/PPM_DefaultCalibrationGrayscale.uexp" 533
"../../../Engine/Plugins/Animation/ControlRig/Content/Controls/ControlRig_HalfCircle_solid.ubulk" 534
"../../../Engine/Plugins/Animation/ControlRig/Content/Controls/ControlRig_HalfCircle_solid.uasset" 535
"../../../Engine/Plugins/Animation/ControlRig/Content/Controls/ControlRig_HalfCircle_solid.uexp" 536
"../../../Engine/Plugins/Animation/ControlRig/Content/Controls/ControlRig_Hexagon_1mm.ubulk" 537
"../../../Engine/Plugins/Animation/ControlRig/Content/Controls/ControlRig_Hexagon_1mm.uasset" 538
"../../../Engine/Plugins/Animation/ControlRig/Content/Controls/ControlRig_Hexagon_1mm.uexp" 539
"../../../Engine/Content/EngineMaterials/PreintegratedSkinBRDF.uasset" 540
"../../../Engine/Content/EngineMaterials/PreintegratedSkinBRDF.uexp" 541
"../../../Engine/Plugins/Animation/ControlRig/Content/Controls/ControlRig_Hexagon_3mm.ubulk" 542
"../../../Engine/Plugins/Animation/ControlRig/Content/Controls/ControlRig_Hexagon_3mm.uasset" 543
"../../../Engine/Plugins/Animation/ControlRig/Content/Controls/ControlRig_Hexagon_3mm.uexp" 544
"../../../Engine/Content/EngineResources/LandscapeVisibilityLayerInfo.uasset" 545
"../../../Engine/Content/EngineResources/LandscapeVisibilityLayerInfo.uexp" 546
"../../../Engine/Plugins/Animation/ControlRig/Content/Controls/ControlRig_Hexagon_solid.ubulk" 547
"../../../Engine/Plugins/Animation/ControlRig/Content/Controls/ControlRig_Hexagon_solid.uasset" 548
"../../../Engine/Plugins/Animation/ControlRig/Content/Controls/ControlRig_Hexagon_solid.uexp" 549
"../../../Engine/Content/EditorMaterials/Dataflow/DataflowTwoSidedVertexMaterial.uasset" 550
"../../../Engine/Content/EditorMaterials/Dataflow/DataflowTwoSidedVertexMaterial.uexp" 551
"../../../Engine/Content/EditorMaterials/Dataflow/DataflowVertexMaterial.uasset" 552
"../../../Engine/Content/EditorMaterials/Dataflow/DataflowVertexMaterial.uexp" 553
"../../../Engine/Content/EditorMaterials/Camera/CineMat.uasset" 554
"../../../Engine/Content/EditorMaterials/Camera/CineMat.uexp" 555
"../../../Engine/Content/EditorMaterials/Camera/MI_CineMat_Rig.uasset" 556
"../../../Engine/Content/EditorMaterials/Camera/MI_CineMat_Rig.uexp" 557
"../../../Engine/Content/EditorMeshes/Camera/SM_CraneRig_Arm.ubulk" 558
"../../../Engine/Content/EditorMeshes/Camera/SM_CraneRig_Arm.uasset" 559
"../../../Engine/Content/EditorMeshes/Camera/SM_CraneRig_Arm.uexp" 560
"../../../Engine/Plugins/Animation/ControlRig/Content/Controls/ControlRig_Octagon_1mm.ubulk" 561
"../../../Engine/Plugins/Animation/ControlRig/Content/Controls/ControlRig_Octagon_1mm.uasset" 562
"../../../Engine/Plugins/Animation/ControlRig/Content/Controls/ControlRig_Octagon_1mm.uexp" 563
"../../../Engine/Content/EditorMeshes/Camera/SM_CraneRig_Base.ubulk" 564
"../../../Engine/Content/EditorMeshes/Camera/SM_CraneRig_Base.uasset" 565
"../../../Engine/Content/EditorMeshes/Camera/SM_CraneRig_Base.uexp" 566
"../../../Engine/Content/EngineDamageTypes/DmgTypeBP_Environmental.uasset" 567
"../../../Engine/Content/EngineDamageTypes/DmgTypeBP_Environmental.uexp" 568
"../../../Engine/Content/EngineMaterials/RemoveSurfaceMaterial.uasset" 569
"../../../Engine/Content/EngineMaterials/RemoveSurfaceMaterial.uexp" 570
"../../../Engine/Plugins/Animation/ControlRig/Content/Controls/ControlRig_Octagon_3mm.ubulk" 571
"../../../Engine/Plugins/Animation/ControlRig/Content/Controls/ControlRig_Octagon_3mm.uasset" 572
"../../../Engine/Plugins/Animation/ControlRig/Content/Controls/ControlRig_Octagon_3mm.uexp" 573
"../../../Engine/Plugins/Animation/ControlRig/Content/Controls/ControlRig_Octagon_solid.ubulk" 574
"../../../Engine/Plugins/Animation/ControlRig/Content/Controls/ControlRig_Octagon_solid.uasset" 575
"../../../Engine/Plugins/Animation/ControlRig/Content/Controls/ControlRig_Octagon_solid.uexp" 576
"../../../Engine/Content/EditorMeshes/Camera/SM_CraneRig_Body.ubulk" 577
"../../../Engine/Content/EditorMeshes/Camera/SM_CraneRig_Body.uasset" 578
"../../../Engine/Content/EditorMeshes/Camera/SM_CraneRig_Body.uexp" 579
"../../../Engine/Content/EngineMaterials/SMAAAreaTex.uasset" 580
"../../../Engine/Content/EngineMaterials/SMAAAreaTex.uexp" 581
"../../../Engine/Plugins/Animation/ControlRig/Content/Controls/ControlRig_Pyramid_1mm.ubulk" 582
"../../../Engine/Plugins/Animation/ControlRig/Content/Controls/ControlRig_Pyramid_1mm.uasset" 583
"../../../Engine/Plugins/Animation/ControlRig/Content/Controls/ControlRig_Pyramid_1mm.uexp" 584
"../../../Engine/Content/EditorMeshes/Camera/SM_CraneRig_Mount.ubulk" 585
"../../../Engine/Content/EditorMeshes/Camera/SM_CraneRig_Mount.uasset" 586
"../../../Engine/Content/EditorMeshes/Camera/SM_CraneRig_Mount.uexp" 587
"../../../Engine/Plugins/Animation/DeformerGraph/Content/DeformerFunctions/DG_Function_LinearBlendSkin_Morph_Cloth.uasset" 588
"../../../Engine/Plugins/Animation/DeformerGraph/Content/DeformerFunctions/DG_Function_LinearBlendSkin_Morph_Cloth.uexp" 589
"../../../Engine/Plugins/Animation/DeformerGraph/Content/Deformers/DG_LinearBlendSkin_Morph_Cloth.uasset" 590
"../../../Engine/Plugins/Animation/DeformerGraph/Content/Deformers/DG_LinearBlendSkin_Morph_Cloth.uexp" 591
"../../../Engine/Content/EngineMaterials/SMAASearchTex.uasset" 592
"../../../Engine/Content/EngineMaterials/SMAASearchTex.uexp" 593
"../../../Engine/Plugins/Animation/DeformerGraph/Content/DeformerFunctions/DG_Function_ComputeNormalsTangents.uasset" 594
"../../../Engine/Plugins/Animation/DeformerGraph/Content/DeformerFunctions/DG_Function_ComputeNormalsTangents.uexp" 595
"../../../Engine/Plugins/Animation/DeformerGraph/Content/DeformerFunctions/DG_Function_LinearBlendSkin_Morph_Cloth_PositionOnly.uasset" 596
"../../../Engine/Plugins/Animation/DeformerGraph/Content/DeformerFunctions/DG_Function_LinearBlendSkin_Morph_Cloth_PositionOnly.uexp" 597
"../../../Engine/Plugins/Animation/DeformerGraph/Content/Deformers/DG_LinearBlendSkin_Morph_Cloth_RecomputeNormals.uasset" 598
"../../../Engine/Plugins/Animation/DeformerGraph/Content/Deformers/DG_LinearBlendSkin_Morph_Cloth_RecomputeNormals.uexp" 599
"../../../Engine/Plugins/Animation/ControlRig/Content/Controls/ControlRig_Pyramid_3mm.ubulk" 600
"../../../Engine/Plugins/Animation/ControlRig/Content/Controls/ControlRig_Pyramid_3mm.uasset" 601
"../../../Engine/Plugins/Animation/ControlRig/Content/Controls/ControlRig_Pyramid_3mm.uexp" 602
"../../../Engine/Content/EditorMeshes/Camera/SM_RailRig_Mount.ubulk" 603
"../../../Engine/Content/EditorMeshes/Camera/SM_RailRig_Mount.uasset" 604
"../../../Engine/Content/EditorMeshes/Camera/SM_RailRig_Mount.uexp" 605
"../../../Engine/Content/EngineMaterials/DefaultBloomKernel.uasset" 606
"../../../Engine/Content/EngineMaterials/DefaultBloomKernel.uexp" 607
"../../../Engine/Plugins/Animation/ControlRig/Content/Controls/ControlRig_Pyramid_solid.ubulk" 608
"../../../Engine/Plugins/Animation/ControlRig/Content/Controls/ControlRig_Pyramid_solid.uasset" 609
"../../../Engine/Plugins/Animation/ControlRig/Content/Controls/ControlRig_Pyramid_solid.uexp" 610
"../../../Engine/Content/EditorMeshes/Camera/SM_RailRig_Track.ubulk" 611
"../../../Engine/Content/EditorMeshes/Camera/SM_RailRig_Track.uasset" 612
"../../../Engine/Content/EditorMeshes/Camera/SM_RailRig_Track.uexp" 613
"../../../Engine/Content/EngineMaterials/DefaultBokeh.uasset" 614
"../../../Engine/Content/EngineMaterials/DefaultBokeh.uexp" 615
"../../../Engine/Plugins/Animation/ControlRig/Content/Controls/ControlRig_QuarterCircle_1mm.ubulk" 616
"../../../Engine/Plugins/Animation/ControlRig/Content/Controls/ControlRig_QuarterCircle_1mm.uasset" 617
"../../../Engine/Plugins/Animation/ControlRig/Content/Controls/ControlRig_QuarterCircle_1mm.uexp" 618
"../../../Engine/Plugins/Animation/ControlRig/Content/Controls/ControlRig_QuarterCircle_3mm.ubulk" 619
"../../../Engine/Plugins/Animation/ControlRig/Content/Controls/ControlRig_QuarterCircle_3mm.uasset" 620
"../../../Engine/Plugins/Animation/ControlRig/Content/Controls/ControlRig_QuarterCircle_3mm.uexp" 621
"../../../Engine/Content/EngineDebugMaterials/DebugEditorMaterial.uasset" 622
"../../../Engine/Content/EngineDebugMaterials/DebugEditorMaterial.uexp" 623
"../../../Engine/Content/EngineDebugMaterials/DebugMeshMaterial.uasset" 624
"../../../Engine/Content/EngineDebugMaterials/DebugMeshMaterial.uexp" 625
"../../../Engine/Plugins/Runtime/HairStrands/Content/Materials/HairCardsDefaultMaterial.uasset" 626
"../../../Engine/Plugins/Runtime/HairStrands/Content/Materials/HairCardsDefaultMaterial.uexp" 627
"../../../Engine/Content/EngineMaterials/DefaultDeferredDecalMaterial.uasset" 628
"../../../Engine/Content/EngineMaterials/DefaultDeferredDecalMaterial.uexp" 629
"../../../Engine/Content/Functions/Engine_MaterialFunctions02/Utility/MakeFloat2.uasset" 630
"../../../Engine/Content/Functions/Engine_MaterialFunctions02/Utility/MakeFloat2.uexp" 631
"../../../Engine/Content/EngineMaterials/HairColorMap.uasset" 632
"../../../Engine/Content/EngineMaterials/HairColorMap.uexp" 633
"../../../Engine/Content/EngineMaterials/HairDebugColor.uasset" 634
"../../../Engine/Content/EngineMaterials/HairDebugColor.uexp" 635
"../../../Engine/Plugins/Runtime/HairStrands/Content/Materials/HairGroupColors.uasset" 636
"../../../Engine/Plugins/Runtime/HairStrands/Content/Materials/HairGroupColors.uexp" 637
"../../../Engine/Plugins/Runtime/HairStrands/Content/Materials/HairDebugMaterial.uasset" 638
"../../../Engine/Plugins/Runtime/HairStrands/Content/Materials/HairDebugMaterial.uexp" 639
"../../../Engine/Plugins/Animation/ControlRig/Content/Controls/ControlRig_QuarterCircle_solid.ubulk" 640
"../../../Engine/Plugins/Animation/ControlRig/Content/Controls/ControlRig_QuarterCircle_solid.uasset" 641
"../../../Engine/Plugins/Animation/ControlRig/Content/Controls/ControlRig_QuarterCircle_solid.uexp" 642
"../../../Engine/Plugins/Runtime/HairStrands/Content/Materials/HairDefaultMaterial.uasset" 643
"../../../Engine/Plugins/Runtime/HairStrands/Content/Materials/HairDefaultMaterial.uexp" 644
"../../../Engine/Plugins/Animation/ControlRig/Content/Controls/ControlRig_RoundedSquare_1mm.ubulk" 645
"../../../Engine/Plugins/Animation/ControlRig/Content/Controls/ControlRig_RoundedSquare_1mm.uasset" 646
"../../../Engine/Plugins/Animation/ControlRig/Content/Controls/ControlRig_RoundedSquare_1mm.uexp" 647
"../../../Engine/Plugins/Runtime/HairStrands/Content/Materials/HairMeshesDefaultMaterial.uasset" 648
"../../../Engine/Plugins/Runtime/HairStrands/Content/Materials/HairMeshesDefaultMaterial.uexp" 649
"../../../Engine/Plugins/Animation/ControlRig/Content/Controls/ControlRig_RoundedSquare_3mm.ubulk" 650
"../../../Engine/Plugins/Animation/ControlRig/Content/Controls/ControlRig_RoundedSquare_3mm.uasset" 651
"../../../Engine/Plugins/Animation/ControlRig/Content/Controls/ControlRig_RoundedSquare_3mm.uexp" 652
"../../../Engine/Plugins/Animation/ControlRig/Content/Controls/ControlRig_RoundedSquare_solid.ubulk" 653
"../../../Engine/Plugins/Animation/ControlRig/Content/Controls/ControlRig_RoundedSquare_solid.uasset" 654
"../../../Engine/Plugins/Animation/ControlRig/Content/Controls/ControlRig_RoundedSquare_solid.uexp" 655
"../../../Engine/Plugins/Animation/ControlRig/Content/Controls/ControlRig_RoundedTriangle_1mm.ubulk" 656
"../../../Engine/Plugins/Animation/ControlRig/Content/Controls/ControlRig_RoundedTriangle_1mm.uasset" 657
"../../../Engine/Plugins/Animation/ControlRig/Content/Controls/ControlRig_RoundedTriangle_1mm.uexp" 658
"../../../Engine/Content/EngineMaterials/EnergyConservation/Diffuse_Energy.uasset" 659
"../../../Engine/Content/EngineMaterials/EnergyConservation/Diffuse_Energy.uexp" 660
"../../../Engine/Content/EngineMaterials/EnergyConservation/GGX_ReflectionEnergy.uasset" 661
"../../../Engine/Content/EngineMaterials/EnergyConservation/GGX_ReflectionEnergy.uexp" 662
"../../../Engine/Plugins/Animation/ControlRig/Content/Controls/ControlRig_RoundedTriangle_3mm.ubulk" 663
"../../../Engine/Plugins/Animation/ControlRig/Content/Controls/ControlRig_RoundedTriangle_3mm.uasset" 664
"../../../Engine/Plugins/Animation/ControlRig/Content/Controls/ControlRig_RoundedTriangle_3mm.uexp" 665
"../../../Engine/Plugins/Animation/ControlRig/Content/Controls/ControlRig_RoundedTriangle_solid.ubulk" 666
"../../../Engine/Plugins/Animation/ControlRig/Content/Controls/ControlRig_RoundedTriangle_solid.uasset" 667
"../../../Engine/Plugins/Animation/ControlRig/Content/Controls/ControlRig_RoundedTriangle_solid.uexp" 668
"../../../Engine/Content/Functions/Engine_MaterialFunctions02/WorldPositionOffset/ObjectScale.uasset" 669
"../../../Engine/Content/Functions/Engine_MaterialFunctions02/WorldPositionOffset/ObjectScale.uexp" 670
"../../../Engine/Plugins/Editor/SpeedTreeImporter/Content/SpeedTree9/Empty.uasset" 671
"../../../Engine/Plugins/Editor/SpeedTreeImporter/Content/SpeedTree9/Empty.uexp" 672
"../../../Engine/Plugins/Editor/SpeedTreeImporter/Content/SpeedTree9/EmptyNormal.uasset" 673
"../../../Engine/Plugins/Editor/SpeedTreeImporter/Content/SpeedTree9/EmptyNormal.uexp" 674
"../../../Engine/Plugins/Editor/SpeedTreeImporter/Content/SpeedTree9/game_wind_noise.ubulk" 675
"../../../Engine/Plugins/Editor/SpeedTreeImporter/Content/SpeedTree9/game_wind_noise.uasset" 676
"../../../Engine/Plugins/Editor/SpeedTreeImporter/Content/SpeedTree9/game_wind_noise.uexp" 677
"../../../Engine/Plugins/Editor/SpeedTreeImporter/Content/SpeedTree9/SpeedTreeBillboard.uasset" 678
"../../../Engine/Plugins/Editor/SpeedTreeImporter/Content/SpeedTree9/SpeedTreeBillboard.uexp" 679
"../../../Engine/Content/Functions/Engine_MaterialFunctions02/SafeNormalize.uasset" 680
"../../../Engine/Content/Functions/Engine_MaterialFunctions02/SafeNormalize.uexp" 681
"../../../Engine/Plugins/Editor/SpeedTreeImporter/Content/SpeedTree9/SpeedTreeWindMotion.uasset" 682
"../../../Engine/Plugins/Editor/SpeedTreeImporter/Content/SpeedTree9/SpeedTreeWindMotion.uexp" 683
"../../../Engine/Plugins/Editor/SpeedTreeImporter/Content/SpeedTree9/UnpackDirection.uasset" 684
"../../../Engine/Plugins/Editor/SpeedTreeImporter/Content/SpeedTree9/UnpackDirection.uexp" 685
"../../../Engine/Plugins/Editor/SpeedTreeImporter/Content/SpeedTree9/UnpackInteger3.uasset" 686
"../../../Engine/Plugins/Editor/SpeedTreeImporter/Content/SpeedTree9/UnpackInteger3.uexp" 687
"../../../Engine/Plugins/Editor/SpeedTreeImporter/Content/SpeedTree9/SpeedTreeBranchMotion.uasset" 688
"../../../Engine/Plugins/Editor/SpeedTreeImporter/Content/SpeedTree9/SpeedTreeBranchMotion.uexp" 689
"../../../Engine/Content/Functions/Engine_MaterialFunctions02/ObjectLocalBounds.uasset" 690
"../../../Engine/Content/Functions/Engine_MaterialFunctions02/ObjectLocalBounds.uexp" 691
"../../../Engine/Content/Functions/Engine_MaterialFunctions02/UVs/BoundingBoxBased_0-1_UVW.uasset" 692
"../../../Engine/Content/Functions/Engine_MaterialFunctions02/UVs/BoundingBoxBased_0-1_UVW.uexp" 693
"../../../Engine/Plugins/Editor/SpeedTreeImporter/Content/SpeedTree9/SpeedTreeWind.uasset" 694
"../../../Engine/Plugins/Editor/SpeedTreeImporter/Content/SpeedTree9/SpeedTreeWind.uexp" 695
"../../../Engine/Plugins/Editor/SpeedTreeImporter/Content/SpeedTree9/SpeedTreeBillboardMaster.uasset" 696
"../../../Engine/Plugins/Editor/SpeedTreeImporter/Content/SpeedTree9/SpeedTreeBillboardMaster.uexp" 697
"../../../Engine/Content/EngineMaterials/EnergyConservation/GGX_TransmissionEnergyArray.uasset" 698
"../../../Engine/Content/EngineMaterials/EnergyConservation/GGX_TransmissionEnergyArray.uexp" 699
"../../../Engine/Plugins/Animation/ControlRig/Content/Controls/ControlRig_Sphere_1mm.ubulk" 700
"../../../Engine/Plugins/Animation/ControlRig/Content/Controls/ControlRig_Sphere_1mm.uasset" 701
"../../../Engine/Plugins/Animation/ControlRig/Content/Controls/ControlRig_Sphere_1mm.uexp" 702
"../../../Engine/Content/EngineMaterials/EnergyConservation/SheenLegacy_Energy.uasset" 703
"../../../Engine/Content/EngineMaterials/EnergyConservation/SheenLegacy_Energy.uexp" 704
"../../../Engine/Plugins/Animation/ControlRig/Content/Controls/ControlRig_Sphere_3mm.ubulk" 705
"../../../Engine/Plugins/Animation/ControlRig/Content/Controls/ControlRig_Sphere_3mm.uasset" 706
"../../../Engine/Plugins/Animation/ControlRig/Content/Controls/ControlRig_Sphere_3mm.uexp" 707
"../../../Engine/Plugins/Editor/SpeedTreeImporter/Content/SpeedTree9/SpeedTreeCameraFacing.uasset" 708
"../../../Engine/Plugins/Editor/SpeedTreeImporter/Content/SpeedTree9/SpeedTreeCameraFacing.uexp" 709
"../../../Engine/Plugins/Editor/SpeedTreeImporter/Content/SpeedTree9/SpeedTreeMaster.uasset" 710
"../../../Engine/Plugins/Editor/SpeedTreeImporter/Content/SpeedTree9/SpeedTreeMaster.uexp" 711
"../../../Engine/Plugins/Animation/ControlRig/Content/Controls/ControlRig_Sphere_solid.ubulk" 712
"../../../Engine/Plugins/Animation/ControlRig/Content/Controls/ControlRig_Sphere_solid.uasset" 713
"../../../Engine/Plugins/Animation/ControlRig/Content/Controls/ControlRig_Sphere_solid.uexp" 714
"../../../Engine/Content/EngineMaterials/EnergyConservation/Sheen_Energy.uasset" 715
"../../../Engine/Content/EngineMaterials/EnergyConservation/Sheen_Energy.uexp" 716
"../../../Engine/Content/EngineMaterials/LTC/GGX_LTCAmp.uasset" 717
"../../../Engine/Content/EngineMaterials/LTC/GGX_LTCAmp.uexp" 718
"../../../Engine/Plugins/Animation/ControlRig/Content/Controls/ControlRig_Square_1mm.ubulk" 719
"../../../Engine/Plugins/Animation/ControlRig/Content/Controls/ControlRig_Square_1mm.uasset" 720
"../../../Engine/Plugins/Animation/ControlRig/Content/Controls/ControlRig_Square_1mm.uexp" 721
"../../../Engine/Content/EngineMaterials/LTC/GGX_LTCMat.uasset" 722
"../../../Engine/Content/EngineMaterials/LTC/GGX_LTCMat.uexp" 723
"../../../Engine/Content/EngineMaterials/LTC/Sheen_LTC.uasset" 724
"../../../Engine/Content/EngineMaterials/LTC/Sheen_LTC.uexp" 725
"../../../Engine/Plugins/Animation/ControlRig/Content/Controls/ControlRig_Square_3mm.ubulk" 726
"../../../Engine/Plugins/Animation/ControlRig/Content/Controls/ControlRig_Square_3mm.uasset" 727
"../../../Engine/Plugins/Animation/ControlRig/Content/Controls/ControlRig_Square_3mm.uexp" 728
"../../../Engine/Plugins/Animation/ControlRig/Content/Controls/ControlRig_Square_solid.ubulk" 729
"../../../Engine/Plugins/Animation/ControlRig/Content/Controls/ControlRig_Square_solid.uasset" 730
"../../../Engine/Plugins/Animation/ControlRig/Content/Controls/ControlRig_Square_solid.uexp" 731
"../../../Engine/Plugins/Animation/ControlRig/Content/Controls/ControlRig_Star4_1mm.ubulk" 732
"../../../Engine/Plugins/Animation/ControlRig/Content/Controls/ControlRig_Star4_1mm.uasset" 733
"../../../Engine/Plugins/Animation/ControlRig/Content/Controls/ControlRig_Star4_1mm.uexp" 734
"../../../Engine/Plugins/Animation/ControlRig/Content/Controls/ControlRig_Star4_3mm.ubulk" 735
"../../../Engine/Plugins/Animation/ControlRig/Content/Controls/ControlRig_Star4_3mm.uasset" 736
"../../../Engine/Plugins/Animation/ControlRig/Content/Controls/ControlRig_Star4_3mm.uexp" 737
"../../../Engine/Plugins/Animation/ControlRig/Content/Controls/ControlRig_Star4_solid.ubulk" 738
"../../../Engine/Plugins/Animation/ControlRig/Content/Controls/ControlRig_Star4_solid.uasset" 739
"../../../Engine/Plugins/Animation/ControlRig/Content/Controls/ControlRig_Star4_solid.uexp" 740
"../../../Engine/Content/EngineResources/Development/ZenLogo_64.uasset" 741
"../../../Engine/Content/EngineResources/Development/ZenLogo_64.uexp" 742
"../../../Engine/Plugins/Animation/ControlRig/Content/Controls/ControlRig_Triangle_1mm.ubulk" 743
"../../../Engine/Plugins/Animation/ControlRig/Content/Controls/ControlRig_Triangle_1mm.uasset" 744
"../../../Engine/Plugins/Animation/ControlRig/Content/Controls/ControlRig_Triangle_1mm.uexp" 745
"../../../Engine/Plugins/Animation/ControlRig/Content/Controls/ControlRig_Triangle_3mm.ubulk" 746
"../../../Engine/Plugins/Animation/ControlRig/Content/Controls/ControlRig_Triangle_3mm.uasset" 747
"../../../Engine/Plugins/Animation/ControlRig/Content/Controls/ControlRig_Triangle_3mm.uexp" 748
"../../../Engine/Content/EngineResources/FilmGrains/Marcie_Grain_v3_128_M2_000.uasset" 749
"../../../Engine/Content/EngineResources/FilmGrains/Marcie_Grain_v3_128_M2_000.uexp" 750
"../../../Engine/Plugins/Animation/ControlRig/Content/Controls/ControlRig_Triangle_solid.ubulk" 751
"../../../Engine/Plugins/Animation/ControlRig/Content/Controls/ControlRig_Triangle_solid.uasset" 752
"../../../Engine/Plugins/Animation/ControlRig/Content/Controls/ControlRig_Triangle_solid.uexp" 753
"../../../Engine/Plugins/Animation/ControlRig/Content/Controls/ControlRig_Wedge_1mm.ubulk" 754
"../../../Engine/Plugins/Animation/ControlRig/Content/Controls/ControlRig_Wedge_1mm.uasset" 755
"../../../Engine/Plugins/Animation/ControlRig/Content/Controls/ControlRig_Wedge_1mm.uexp" 756
"../../../Engine/Plugins/Animation/ControlRig/Content/Controls/ControlRig_Wedge_3mm.ubulk" 757
"../../../Engine/Plugins/Animation/ControlRig/Content/Controls/ControlRig_Wedge_3mm.uasset" 758
"../../../Engine/Plugins/Animation/ControlRig/Content/Controls/ControlRig_Wedge_3mm.uexp" 759
"../../../Engine/Content/VREditor/TransformGizmo/BoundingBoxCorner.ubulk" 760
"../../../Engine/Content/VREditor/TransformGizmo/BoundingBoxCorner.uasset" 761
"../../../Engine/Content/VREditor/TransformGizmo/BoundingBoxCorner.uexp" 762
"../../../Engine/Plugins/Animation/ControlRig/Content/Controls/ControlRig_Wedge_solid.ubulk" 763
"../../../Engine/Plugins/Animation/ControlRig/Content/Controls/ControlRig_Wedge_solid.uasset" 764
"../../../Engine/Plugins/Animation/ControlRig/Content/Controls/ControlRig_Wedge_solid.uexp" 765
"../../../Engine/Content/VREditor/TransformGizmo/BoundingBoxEdge.ubulk" 766
"../../../Engine/Content/VREditor/TransformGizmo/BoundingBoxEdge.uasset" 767
"../../../Engine/Content/VREditor/TransformGizmo/BoundingBoxEdge.uexp" 768
"../../../Engine/Content/EditorResources/SequenceRecorder/Countdown.uasset" 769
"../../../Engine/Content/EditorResources/SequenceRecorder/Countdown.uexp" 770
"../../../Engine/Content/EditorMaterials/ParticleSystems/PSysThumbnail_NoImage.ubulk" 771
"../../../Engine/Content/EditorMaterials/ParticleSystems/PSysThumbnail_NoImage.uasset" 772
"../../../Engine/Content/EditorMaterials/ParticleSystems/PSysThumbnail_NoImage.uexp" 773
"../../../Engine/Content/EditorMaterials/ParticleSystems/PSysThumbnail_OOD.ubulk" 774
"../../../Engine/Content/EditorMaterials/ParticleSystems/PSysThumbnail_OOD.uasset" 775
"../../../Engine/Content/EditorMaterials/ParticleSystems/PSysThumbnail_OOD.uexp" 776
"../../../Engine/Content/EditorResources/SequenceRecorder/RecordingIndicator.uasset" 777
"../../../Engine/Content/EditorResources/SequenceRecorder/RecordingIndicator.uexp" 778
"../../../Engine/Content/EngineMaterials/Good64x64TilingNoiseHighFreq.uasset" 779
"../../../Engine/Content/EngineMaterials/Good64x64TilingNoiseHighFreq.uexp" 780
"../../../Engine/Content/Functions/Engine_MaterialFunctions02/Texturing/ScreenAlignedPixelToPixelUVs.uasset" 781
"../../../Engine/Content/Functions/Engine_MaterialFunctions02/Texturing/ScreenAlignedPixelToPixelUVs.uexp" 782
"../../../Engine/Plugins/Interchange/Assets/Content/Utilities/New_LUT.uasset" 783
"../../../Engine/Plugins/Interchange/Assets/Content/Utilities/New_LUT.uexp" 784
"../../../Engine/Content/Functions/Engine_MaterialFunctions03/Math/RemapValueRange.uasset" 785
"../../../Engine/Content/Functions/Engine_MaterialFunctions03/Math/RemapValueRange.uexp" 786
"../../../Engine/Plugins/Interchange/Assets/Content/Functions/MF_Iridescence.uasset" 787
"../../../Engine/Plugins/Interchange/Assets/Content/Functions/MF_Iridescence.uexp" 788
"../../../Engine/Plugins/Interchange/Assets/Content/gltf/MaterialFunctions/MF_Fresnel_DS.uasset" 789
"../../../Engine/Plugins/Interchange/Assets/Content/gltf/MaterialFunctions/MF_Fresnel_DS.uexp" 790
"../../../Engine/Plugins/Interchange/Assets/Content/gltf/MaterialFunctions/MF_Temporal_Blur.uasset" 791
"../../../Engine/Plugins/Interchange/Assets/Content/gltf/MaterialFunctions/MF_Temporal_Blur.uexp" 792
"../../../Engine/Plugins/Interchange/Assets/Content/gltf/Textures/T_White_srgb.uasset" 793
"../../../Engine/Plugins/Interchange/Assets/Content/gltf/Textures/T_White_srgb.uexp" 794
"../../../Engine/Plugins/Interchange/Assets/Content/gltf/MaterialFunctions/MF_BaseColor.uasset" 795
"../../../Engine/Plugins/Interchange/Assets/Content/gltf/MaterialFunctions/MF_BaseColor.uexp" 796
"../../../Engine/Plugins/Interchange/Assets/Content/gltf/MaterialFunctions/MF_IOR.uasset" 797
"../../../Engine/Plugins/Interchange/Assets/Content/gltf/MaterialFunctions/MF_IOR.uexp" 798
"../../../Engine/Plugins/Interchange/Assets/Content/gltf/MaterialFunctions/MF_Iridescence.uasset" 799
"../../../Engine/Plugins/Interchange/Assets/Content/gltf/MaterialFunctions/MF_Iridescence.uexp" 800
"../../../Engine/Plugins/Interchange/Assets/Content/gltf/Textures/T_White_Linear.uasset" 801
"../../../Engine/Plugins/Interchange/Assets/Content/gltf/Textures/T_White_Linear.uexp" 802
"../../../Engine/Plugins/Interchange/Assets/Content/gltf/MaterialFunctions/MF_MetallicRoughness.uasset" 803
"../../../Engine/Plugins/Interchange/Assets/Content/gltf/MaterialFunctions/MF_MetallicRoughness.uexp" 804
"../../../Engine/Plugins/Interchange/Assets/Content/gltf/MaterialFunctions/MF_RotateNormals_TS.uasset" 805
"../../../Engine/Plugins/Interchange/Assets/Content/gltf/MaterialFunctions/MF_RotateNormals_TS.uexp" 806
"../../../Engine/Plugins/Interchange/Assets/Content/gltf/MaterialFunctions/MF_ScaleNormal.uasset" 807
"../../../Engine/Plugins/Interchange/Assets/Content/gltf/MaterialFunctions/MF_ScaleNormal.uexp" 808
"../../../Engine/Plugins/Interchange/Assets/Content/gltf/Textures/T_Generic_N.uasset" 809
"../../../Engine/Plugins/Interchange/Assets/Content/gltf/Textures/T_Generic_N.uexp" 810
"../../../Engine/Plugins/Interchange/Assets/Content/gltf/MaterialFunctions/MF_Normals.uasset" 811
"../../../Engine/Plugins/Interchange/Assets/Content/gltf/MaterialFunctions/MF_Normals.uexp" 812
"../../../Engine/Plugins/Interchange/Assets/Content/gltf/MaterialFunctions/MF_Occlusion.uasset" 813
"../../../Engine/Plugins/Interchange/Assets/Content/gltf/MaterialFunctions/MF_Occlusion.uexp" 814
"../../../Engine/Plugins/Interchange/Assets/Content/gltf/MaterialFunctions/MF_RotateV2.uasset" 815
"../../../Engine/Plugins/Interchange/Assets/Content/gltf/MaterialFunctions/MF_RotateV2.uexp" 816
"../../../Engine/Plugins/Interchange/Assets/Content/gltf/MaterialFunctions/MF_Specular.uasset" 817
"../../../Engine/Plugins/Interchange/Assets/Content/gltf/MaterialFunctions/MF_Specular.uexp" 818
"../../../Engine/Plugins/Interchange/Assets/Content/gltf/Textures/T_Anisotropy_Direction_Linear.uasset" 819
"../../../Engine/Plugins/Interchange/Assets/Content/gltf/Textures/T_Anisotropy_Direction_Linear.uexp" 820
"../../../Engine/Plugins/Interchange/Assets/Content/gltf/MaterialFunctions/MF_SpecularAnisotropy.uasset" 821
"../../../Engine/Plugins/Interchange/Assets/Content/gltf/MaterialFunctions/MF_SpecularAnisotropy.uexp" 822
"../../../Engine/Plugins/Interchange/Assets/Content/gltf/MaterialFunctions/MF_TransformUVs.uasset" 823
"../../../Engine/Plugins/Interchange/Assets/Content/gltf/MaterialFunctions/MF_TransformUVs.uexp" 824
"../../../Engine/Plugins/Interchange/Assets/Content/gltf/MaterialFunctions/MF_Transmission.uasset" 825
"../../../Engine/Plugins/Interchange/Assets/Content/gltf/MaterialFunctions/MF_Transmission.uexp" 826
"../../../Engine/Plugins/Interchange/Assets/Content/gltf/MaterialBodies/MF_Transmission_Body.uasset" 827
"../../../Engine/Plugins/Interchange/Assets/Content/gltf/MaterialBodies/MF_Transmission_Body.uexp" 828
"../../../Engine/Plugins/Interchange/Assets/Content/gltf/M_Transmission.uasset" 829
"../../../Engine/Plugins/Interchange/Assets/Content/gltf/M_Transmission.uexp" 830
"../../../Engine/Plugins/Interchange/Assets/Content/gltf/MaterialInstances/MI_Transmission.uasset" 831
"../../../Engine/Plugins/Interchange/Assets/Content/gltf/MaterialInstances/MI_Transmission.uexp" 832
"../../../Engine/Plugins/Interchange/Assets/Content/gltf/MaterialInstances/MI_Transmission_DS.uasset" 833
"../../../Engine/Plugins/Interchange/Assets/Content/gltf/MaterialInstances/MI_Transmission_DS.uexp" 834
"../../../Engine/Plugins/Interchange/Assets/Content/gltf/MaterialBodies/MF_Unlit_Body.uasset" 835
"../../../Engine/Plugins/Interchange/Assets/Content/gltf/MaterialBodies/MF_Unlit_Body.uexp" 836
"../../../Engine/Plugins/Interchange/Assets/Content/gltf/M_Unlit.uasset" 837
"../../../Engine/Plugins/Interchange/Assets/Content/gltf/M_Unlit.uexp" 838
"../../../Engine/Plugins/Interchange/Assets/Content/gltf/MaterialInstances/MI_Unlit_Blend.uasset" 839
"../../../Engine/Plugins/Interchange/Assets/Content/gltf/MaterialInstances/MI_Unlit_Blend.uexp" 840
"../../../Engine/Plugins/Interchange/Assets/Content/gltf/MaterialInstances/MI_Unlit_Blend_DS.uasset" 841
"../../../Engine/Plugins/Interchange/Assets/Content/gltf/MaterialInstances/MI_Unlit_Blend_DS.uexp" 842
"../../../Engine/Plugins/Interchange/Assets/Content/gltf/MaterialInstances/MI_Unlit_Mask.uasset" 843
"../../../Engine/Plugins/Interchange/Assets/Content/gltf/MaterialInstances/MI_Unlit_Mask.uexp" 844
"../../../Engine/Plugins/Interchange/Assets/Content/gltf/MaterialInstances/MI_Unlit_Mask_DS.uasset" 845
"../../../Engine/Plugins/Interchange/Assets/Content/gltf/MaterialInstances/MI_Unlit_Mask_DS.uexp" 846
"../../../Engine/Plugins/Interchange/Assets/Content/gltf/MaterialInstances/MI_Unlit_Opaque.uasset" 847
"../../../Engine/Plugins/Interchange/Assets/Content/gltf/MaterialInstances/MI_Unlit_Opaque.uexp" 848
"../../../Engine/Plugins/Interchange/Assets/Content/gltf/MaterialInstances/MI_Unlit_Opaque_DS.uasset" 849
"../../../Engine/Plugins/Interchange/Assets/Content/gltf/MaterialInstances/MI_Unlit_Opaque_DS.uexp" 850
"../../../Engine/Content/ArtTools/RenderToTexture/Meshes/S_1_Unit_Plane.ubulk" 851
"../../../Engine/Content/ArtTools/RenderToTexture/Meshes/S_1_Unit_Plane.uasset" 852
"../../../Engine/Content/ArtTools/RenderToTexture/Meshes/S_1_Unit_Plane.uexp" 853
"../../../Engine/Content/Functions/Engine_MaterialFunctions01/Texturing/FlattenNormal.uasset" 854
"../../../Engine/Content/Functions/Engine_MaterialFunctions01/Texturing/FlattenNormal.uexp" 855
"../../../Engine/Plugins/Interchange/Assets/Content/gltf/MaterialFunctions/MF_Clearcoat.uasset" 856
"../../../Engine/Plugins/Interchange/Assets/Content/gltf/MaterialFunctions/MF_Clearcoat.uexp" 857
"../../../Engine/Plugins/Interchange/Assets/Content/gltf/MaterialFunctions/MF_Emissive.uasset" 858
"../../../Engine/Plugins/Interchange/Assets/Content/gltf/MaterialFunctions/MF_Emissive.uexp" 859
"../../../Engine/Plugins/Interchange/Assets/Content/gltf/MaterialBodies/MF_ClearCoat_Body.uasset" 860
"../../../Engine/Plugins/Interchange/Assets/Content/gltf/MaterialBodies/MF_ClearCoat_Body.uexp" 861
"../../../Engine/Plugins/Interchange/Assets/Content/gltf/M_ClearCoat.uasset" 862
"../../../Engine/Plugins/Interchange/Assets/Content/gltf/M_ClearCoat.uexp" 863
"../../../Engine/Plugins/Interchange/Assets/Content/gltf/MaterialInstances/MI_ClearCoat_Blend.uasset" 864
"../../../Engine/Plugins/Interchange/Assets/Content/gltf/MaterialInstances/MI_ClearCoat_Blend.uexp" 865
"../../../Engine/Plugins/Interchange/Assets/Content/gltf/MaterialInstances/MI_ClearCoat_Blend_DS.uasset" 866
"../../../Engine/Plugins/Interchange/Assets/Content/gltf/MaterialInstances/MI_ClearCoat_Blend_DS.uexp" 867
"../../../Engine/Plugins/Interchange/Assets/Content/gltf/MaterialInstances/MI_ClearCoat_Mask.uasset" 868
"../../../Engine/Plugins/Interchange/Assets/Content/gltf/MaterialInstances/MI_ClearCoat_Mask.uexp" 869
"../../../Engine/Plugins/Interchange/Assets/Content/gltf/MaterialInstances/MI_ClearCoat_Mask_DS.uasset" 870
"../../../Engine/Plugins/Interchange/Assets/Content/gltf/MaterialInstances/MI_ClearCoat_Mask_DS.uexp" 871
"../../../Engine/Plugins/Interchange/Assets/Content/gltf/MaterialInstances/MI_ClearCoat_Opaque.uasset" 872
"../../../Engine/Plugins/Interchange/Assets/Content/gltf/MaterialInstances/MI_ClearCoat_Opaque.uexp" 873
"../../../Engine/Plugins/Interchange/Assets/Content/gltf/MaterialInstances/MI_ClearCoat_Opaque_DS.uasset" 874
"../../../Engine/Plugins/Interchange/Assets/Content/gltf/MaterialInstances/MI_ClearCoat_Opaque_DS.uexp" 875
"../../../Engine/Plugins/Interchange/Assets/Content/gltf/MaterialBodies/MF_Default_Body.uasset" 876
"../../../Engine/Plugins/Interchange/Assets/Content/gltf/MaterialBodies/MF_Default_Body.uexp" 877
"../../../Engine/Plugins/Interchange/Assets/Content/gltf/M_Default.uasset" 878
"../../../Engine/Plugins/Interchange/Assets/Content/gltf/M_Default.uexp" 879
"../../../Engine/Plugins/Interchange/Assets/Content/gltf/MaterialInstances/MI_Default_Blend.uasset" 880
"../../../Engine/Plugins/Interchange/Assets/Content/gltf/MaterialInstances/MI_Default_Blend.uexp" 881
"../../../Engine/Plugins/Interchange/Assets/Content/gltf/MaterialInstances/MI_Default_Blend_DS.uasset" 882
"../../../Engine/Plugins/Interchange/Assets/Content/gltf/MaterialInstances/MI_Default_Blend_DS.uexp" 883
"../../../Engine/Plugins/Interchange/Assets/Content/gltf/MaterialInstances/MI_Default_Mask.uasset" 884
"../../../Engine/Plugins/Interchange/Assets/Content/gltf/MaterialInstances/MI_Default_Mask.uexp" 885
"../../../Engine/Plugins/Interchange/Assets/Content/gltf/MaterialInstances/MI_Default_Mask_DS.uasset" 886
"../../../Engine/Plugins/Interchange/Assets/Content/gltf/MaterialInstances/MI_Default_Mask_DS.uexp" 887
"../../../Engine/Plugins/Interchange/Assets/Content/gltf/MaterialInstances/MI_Default_Opaque.uasset" 888
"../../../Engine/Plugins/Interchange/Assets/Content/gltf/MaterialInstances/MI_Default_Opaque.uexp" 889
"../../../Engine/Plugins/Interchange/Assets/Content/gltf/MaterialInstances/MI_Default_Opaque_DS.uasset" 890
"../../../Engine/Plugins/Interchange/Assets/Content/gltf/MaterialInstances/MI_Default_Opaque_DS.uexp" 891
"../../../Engine/Plugins/Interchange/Assets/Content/gltf/MaterialFunctions/MF_Sheen.uasset" 892
"../../../Engine/Plugins/Interchange/Assets/Content/gltf/MaterialFunctions/MF_Sheen.uexp" 893
"../../../Engine/Plugins/Interchange/Assets/Content/gltf/MaterialBodies/MF_Sheen_Body.uasset" 894
"../../../Engine/Plugins/Interchange/Assets/Content/gltf/MaterialBodies/MF_Sheen_Body.uexp" 895
"../../../Engine/Plugins/Interchange/Assets/Content/gltf/M_Sheen.uasset" 896
"../../../Engine/Plugins/Interchange/Assets/Content/gltf/M_Sheen.uexp" 897
"../../../Engine/Plugins/Interchange/Assets/Content/gltf/MaterialInstances/MI_Sheen_Blend.uasset" 898
"../../../Engine/Plugins/Interchange/Assets/Content/gltf/MaterialInstances/MI_Sheen_Blend.uexp" 899
"../../../Engine/Plugins/Interchange/Assets/Content/gltf/MaterialInstances/MI_Sheen_Blend_DS.uasset" 900
"../../../Engine/Plugins/Interchange/Assets/Content/gltf/MaterialInstances/MI_Sheen_Blend_DS.uexp" 901
"../../../Engine/Plugins/Interchange/Assets/Content/gltf/MaterialInstances/MI_Sheen_Mask.uasset" 902
"../../../Engine/Plugins/Interchange/Assets/Content/gltf/MaterialInstances/MI_Sheen_Mask.uexp" 903
"../../../Engine/Plugins/Interchange/Assets/Content/gltf/MaterialInstances/MI_Sheen_Mask_DS.uasset" 904
"../../../Engine/Plugins/Interchange/Assets/Content/gltf/MaterialInstances/MI_Sheen_Mask_DS.uexp" 905
"../../../Engine/Plugins/Interchange/Assets/Content/gltf/MaterialInstances/MI_Sheen_Opaque.uasset" 906
"../../../Engine/Plugins/Interchange/Assets/Content/gltf/MaterialInstances/MI_Sheen_Opaque.uexp" 907
"../../../Engine/Plugins/Interchange/Assets/Content/gltf/MaterialInstances/MI_Sheen_Opaque_DS.uasset" 908
"../../../Engine/Plugins/Interchange/Assets/Content/gltf/MaterialInstances/MI_Sheen_Opaque_DS.uexp" 909
"../../../Engine/Plugins/Interchange/Assets/Content/gltf/MaterialFunctions/MF_DiffuseSpecGloss.uasset" 910
"../../../Engine/Plugins/Interchange/Assets/Content/gltf/MaterialFunctions/MF_DiffuseSpecGloss.uexp" 911
"../../../Engine/Plugins/Interchange/Assets/Content/gltf/MaterialFunctions/MF_MaxComponentValue.uasset" 912
"../../../Engine/Plugins/Interchange/Assets/Content/gltf/MaterialFunctions/MF_MaxComponentValue.uexp" 913
"../../../Engine/Content/Functions/Engine_MaterialFunctions02/Math/AddComponents.uasset" 914
"../../../Engine/Content/Functions/Engine_MaterialFunctions02/Math/AddComponents.uexp" 915
"../../../Engine/Plugins/Interchange/Assets/Content/gltf/MaterialFunctions/MF_PerceivedBrightness.uasset" 916
"../../../Engine/Plugins/Interchange/Assets/Content/gltf/MaterialFunctions/MF_PerceivedBrightness.uexp" 917
"../../../Engine/Plugins/Interchange/Assets/Content/gltf/MaterialFunctions/MF_SpecGlossToMetalRoughness.uasset" 918
"../../../Engine/Plugins/Interchange/Assets/Content/gltf/MaterialFunctions/MF_SpecGlossToMetalRoughness.uexp" 919
"../../../Engine/Plugins/Interchange/Assets/Content/gltf/MaterialBodies/MF_SpecularGlossiness_Body.uasset" 920
"../../../Engine/Plugins/Interchange/Assets/Content/gltf/MaterialBodies/MF_SpecularGlossiness_Body.uexp" 921
"../../../Engine/Plugins/Interchange/Assets/Content/gltf/M_SpecularGlossiness.uasset" 922
"../../../Engine/Plugins/Interchange/Assets/Content/gltf/M_SpecularGlossiness.uexp" 923
"../../../Engine/Plugins/Interchange/Assets/Content/gltf/MaterialInstances/MI_SpecularGlossiness_Blend.uasset" 924
"../../../Engine/Plugins/Interchange/Assets/Content/gltf/MaterialInstances/MI_SpecularGlossiness_Blend.uexp" 925
"../../../Engine/Plugins/Interchange/Assets/Content/gltf/MaterialInstances/MI_SpecularGlossiness_Blend_DS.uasset" 926
"../../../Engine/Plugins/Interchange/Assets/Content/gltf/MaterialInstances/MI_SpecularGlossiness_Blend_DS.uexp" 927
"../../../Engine/Plugins/Interchange/Assets/Content/gltf/MaterialInstances/MI_SpecularGlossiness_Mask.uasset" 928
"../../../Engine/Plugins/Interchange/Assets/Content/gltf/MaterialInstances/MI_SpecularGlossiness_Mask.uexp" 929
"../../../Engine/Plugins/Interchange/Assets/Content/gltf/MaterialInstances/MI_SpecularGlossiness_Mask_DS.uasset" 930
"../../../Engine/Plugins/Interchange/Assets/Content/gltf/MaterialInstances/MI_SpecularGlossiness_Mask_DS.uexp" 931
"../../../Engine/Plugins/Interchange/Assets/Content/gltf/MaterialInstances/MI_SpecularGlossiness_Opaque.uasset" 932
"../../../Engine/Plugins/Interchange/Assets/Content/gltf/MaterialInstances/MI_SpecularGlossiness_Opaque.uexp" 933
"../../../Engine/Plugins/Interchange/Assets/Content/gltf/MaterialInstances/MI_SpecularGlossiness_Opaque_DS.uasset" 934
"../../../Engine/Plugins/Interchange/Assets/Content/gltf/MaterialInstances/MI_SpecularGlossiness_Opaque_DS.uexp" 935
"../../../Engine/Content/EngineMaterials/Substrate/GLints/AGlintTex2dArray.uasset" 936
"../../../Engine/Content/EngineMaterials/Substrate/GLints/AGlintTex2dArray.uexp" 937
"../../../Engine/Content/EngineMaterials/Substrate/Glints2/AGlintTex2dArray2.uasset" 938
"../../../Engine/Content/EngineMaterials/Substrate/Glints2/AGlintTex2dArray2.uexp" 939
"../../../Engine/Content/Functions/Engine_MaterialFunctions01/Shading/PowerToRoughness.uasset" 940
"../../../Engine/Content/Functions/Engine_MaterialFunctions01/Shading/PowerToRoughness.uexp" 941
"../../../Engine/Content/EngineMaterials/Substrate/Volume/SubstrateSimpleVolumeEnvLUT3D.uasset" 942
"../../../Engine/Content/EngineMaterials/Substrate/Volume/SubstrateSimpleVolumeEnvLUT3D.uexp" 943
"../../../Engine/Content/EngineMaterials/Substrate/Volume/SubstrateSimpleVolumeLUT3D.uasset" 944
"../../../Engine/Content/EngineMaterials/Substrate/Volume/SubstrateSimpleVolumeLUT3D.uexp" 945
"../../../Engine/Content/Functions/Engine_MaterialFunctions01/Shading/ConvertFromDiffSpec.uasset" 946
"../../../Engine/Content/Functions/Engine_MaterialFunctions01/Shading/ConvertFromDiffSpec.uexp" 947
"../../../Engine/Content/EngineResources/DefaultTexture.ubulk" 948
"../../../Engine/Content/EngineResources/DefaultTexture.uasset" 949
"../../../Engine/Content/EngineResources/DefaultTexture.uexp" 950
"../../../Engine/Content/EngineMaterials/DefaultNormal.ubulk" 951
"../../../Engine/Content/EngineMaterials/DefaultNormal.uasset" 952
"../../../Engine/Content/EngineMaterials/DefaultNormal.uexp" 953
"../../../Engine/Content/Functions/Engine_MaterialFunctions02/Texturing/CustomRotator.uasset" 954
"../../../Engine/Content/Functions/Engine_MaterialFunctions02/Texturing/CustomRotator.uexp" 955
"../../../Engine/Plugins/Enterprise/DatasmithContent/Content/Materials/FBXImporter/DeltaGenUVEdit.uasset" 956
"../../../Engine/Plugins/Enterprise/DatasmithContent/Content/Materials/FBXImporter/DeltaGenUVEdit.uexp" 957
"../../../Engine/Plugins/Enterprise/DatasmithContent/Content/Materials/FBXImporter/DeltaGenBase.uasset" 958
"../../../Engine/Plugins/Enterprise/DatasmithContent/Content/Materials/FBXImporter/DeltaGenBase.uexp" 959
"../../../Engine/Content/EngineMaterials/DefaultNormal_Uncompressed.ubulk" 960
"../../../Engine/Content/EngineMaterials/DefaultNormal_Uncompressed.uasset" 961
"../../../Engine/Content/EngineMaterials/DefaultNormal_Uncompressed.uexp" 962
"../../../Engine/Content/Functions/Engine_MaterialFunctions02/Math/CreateThirdOrthogonalVector.uasset" 963
"../../../Engine/Content/Functions/Engine_MaterialFunctions02/Math/CreateThirdOrthogonalVector.uexp" 964
"../../../Engine/Content/Functions/Engine_MaterialFunctions01/Gradient/LinearGradient.uasset" 965
"../../../Engine/Content/Functions/Engine_MaterialFunctions01/Gradient/LinearGradient.uexp" 966
"../../../Engine/Content/Functions/Engine_MaterialFunctions01/ImageAdjustment/CheapContrast.uasset" 967
"../../../Engine/Content/Functions/Engine_MaterialFunctions01/ImageAdjustment/CheapContrast.uexp" 968
"../../../Engine/Content/Functions/Engine_MaterialFunctions02/WorldAlignedNormals_HighQuality.uasset" 969
"../../../Engine/Content/Functions/Engine_MaterialFunctions02/WorldAlignedNormals_HighQuality.uexp" 970
"../../../Engine/Content/Functions/Engine_MaterialFunctions02/Texturing/HeightLerpWithTwoHeightMaps.uasset" 971
"../../../Engine/Content/Functions/Engine_MaterialFunctions02/Texturing/HeightLerpWithTwoHeightMaps.uexp" 972
"../../../Engine/Content/Functions/Engine_MaterialFunctions02/Texturing/WorldAlignedTextures_Complex.uasset" 973
"../../../Engine/Content/Functions/Engine_MaterialFunctions02/Texturing/WorldAlignedTextures_Complex.uexp" 974
"../../../Engine/Plugins/Enterprise/DatasmithContent/Content/Materials/FBXImporter/DeltaGenReferenceClearCoat.uasset" 975
"../../../Engine/Plugins/Enterprise/DatasmithContent/Content/Materials/FBXImporter/DeltaGenReferenceClearCoat.uexp" 976
"C:/Github/CarGame/Content/Vehicles/SportsCar/SK_SportsCar.uasset" 977
"C:/Github/CarGame/Content/Vehicles/SportsCar/SK_SportsCar.uexp" 978
"C:/Github/CarGame/Content/Vehicles/SportsCar/PA_SportsCar.uasset" 979
"C:/Github/CarGame/Content/Vehicles/SportsCar/PA_SportsCar.uexp" 980
"C:/Github/CarGame/Content/Vehicles/SportsCar/SKM_SportsCar.uasset" 981
"C:/Github/CarGame/Content/Vehicles/SportsCar/SKM_SportsCar.uexp" 982
"C:/Github/CarGame/Content/VehicleTemplate/Blueprints/SportsCar/FC_SportsCar_Torque.uasset" 983
"C:/Github/CarGame/Content/VehicleTemplate/Blueprints/SportsCar/FC_SportsCar_Torque.uexp" 984
"C:/Github/CarGame/Content/Kenan/Input/Actions/IA_BrakeA.uasset" 985
"C:/Github/CarGame/Content/Kenan/Input/Actions/IA_BrakeA.uexp" 986
"C:/Github/CarGame/Content/Kenan/Input/Actions/IA_HandbrakeA.uasset" 987
"C:/Github/CarGame/Content/Kenan/Input/Actions/IA_HandbrakeA.uexp" 988
"C:/Github/CarGame/Content/Kenan/Input/Actions/IA_SteeringA.uasset" 989
"C:/Github/CarGame/Content/Kenan/Input/Actions/IA_SteeringA.uexp" 990
"C:/Github/CarGame/Content/Kenan/Input/Actions/IA_ThrottleA.uasset" 991
"C:/Github/CarGame/Content/Kenan/Input/Actions/IA_ThrottleA.uexp" 992
"C:/Github/CarGame/Content/Kenan/Input/Actions/IA_Nitro.uasset" 993
"C:/Github/CarGame/Content/Kenan/Input/Actions/IA_Nitro.uexp" 994
"C:/Github/CarGame/Content/Kenan/Input/Actions/IA_HeadlightsA.uasset" 995
"C:/Github/CarGame/Content/Kenan/Input/Actions/IA_HeadlightsA.uexp" 996
"C:/Github/CarGame/Content/Kenan/Input/Actions/IA_LookAroundA.uasset" 997
"C:/Github/CarGame/Content/Kenan/Input/Actions/IA_LookAroundA.uexp" 998
"C:/Github/CarGame/Content/Kenan/Input/Actions/IA_ResetA.uasset" 999
"C:/Github/CarGame/Content/Kenan/Input/Actions/IA_ResetA.uexp" 1000
"C:/Github/CarGame/Content/Kenan/Input/Actions/IA_ToggleCameraA.uasset" 1001
"C:/Github/CarGame/Content/Kenan/Input/Actions/IA_ToggleCameraA.uexp" 1002
"C:/Github/CarGame/Content/Kenan/Input/IMC_Arcade.uasset" 1003
"C:/Github/CarGame/Content/Kenan/Input/IMC_Arcade.uexp" 1004
"../../../Engine/Content/Functions/Engine_MaterialFunctions03/Procedurals/NormalFromHeightmap.uasset" 1005
"../../../Engine/Content/Functions/Engine_MaterialFunctions03/Procedurals/NormalFromHeightmap.uexp" 1006
"../../../Engine/Plugins/Interchange/Assets/Content/Functions/MF_PhongToMetalRoughness.uasset" 1007
"../../../Engine/Plugins/Interchange/Assets/Content/Functions/MF_PhongToMetalRoughness.uexp" 1008
"../../../Engine/Plugins/Interchange/Assets/Content/Materials/FBXLegacyPhongSurfaceMaterial.uasset" 1009
"../../../Engine/Plugins/Interchange/Assets/Content/Materials/FBXLegacyPhongSurfaceMaterial.uexp" 1010
"C:/Github/CarGame/Content/Kenan/LowpolyCar/Camaro/Plastic.uasset" 1011
"C:/Github/CarGame/Content/Kenan/LowpolyCar/Camaro/Plastic.uexp" 1012
"C:/Github/CarGame/Content/Kenan/SM_ArcadeCar_Wheel.ubulk" 1013
"C:/Github/CarGame/Content/Kenan/SM_ArcadeCar_Wheel.uasset" 1014
"C:/Github/CarGame/Content/Kenan/SM_ArcadeCar_Wheel.uexp" 1015
"C:/Github/CarGame/Content/Kenan/LowpolyCar/Camaro/CarPaint.uasset" 1016
"C:/Github/CarGame/Content/Kenan/LowpolyCar/Camaro/CarPaint.uexp" 1017
"C:/Github/CarGame/Content/Kenan/LowpolyCar/Camaro/Rims.uasset" 1018
"C:/Github/CarGame/Content/Kenan/LowpolyCar/Camaro/Rims.uexp" 1019
"C:/Github/CarGame/Content/Kenan/LowpolyCar/Camaro/CarPaint2.uasset" 1020
"C:/Github/CarGame/Content/Kenan/LowpolyCar/Camaro/CarPaint2.uexp" 1021
"C:/Github/CarGame/Content/Kenan/LowpolyCar/Camaro/FrontLights.uasset" 1022
"C:/Github/CarGame/Content/Kenan/LowpolyCar/Camaro/FrontLights.uexp" 1023
"C:/Github/CarGame/Content/Kenan/LowpolyCar/Camaro/RearLights.uasset" 1024
"C:/Github/CarGame/Content/Kenan/LowpolyCar/Camaro/RearLights.uexp" 1025
"C:/Github/CarGame/Content/Kenan/LowpolyCar/Camaro/Window.uasset" 1026
"C:/Github/CarGame/Content/Kenan/LowpolyCar/Camaro/Window.uexp" 1027
"C:/Github/CarGame/Content/Kenan/LowpolyCar/Camaro/Camaro.ubulk" 1028
"C:/Github/CarGame/Content/Kenan/LowpolyCar/Camaro/Camaro.uasset" 1029
"C:/Github/CarGame/Content/Kenan/LowpolyCar/Camaro/Camaro.uexp" 1030
"C:/Github/CarGame/Content/Orkun/062791_car-engine-idle-2-82133.ubulk" 1031
"C:/Github/CarGame/Content/Orkun/062791_car-engine-idle-2-82133.uasset" 1032
"C:/Github/CarGame/Content/Orkun/062791_car-engine-idle-2-82133.uexp" 1033
"C:/Github/CarGame/Content/Kenan/BP_ArcadeCarCamaro.uasset" 1034
"C:/Github/CarGame/Content/Kenan/BP_ArcadeCarCamaro.uexp" 1035
"C:/Github/CarGame/Content/Orkun/WBP_VehicleHUD.uasset" 1036
"C:/Github/CarGame/Content/Orkun/WBP_VehicleHUD.uexp" 1037
"C:/Github/CarGame/Content/Kenan/BP_RacingPlayerController.uasset" 1038
"C:/Github/CarGame/Content/Kenan/BP_RacingPlayerController.uexp" 1039
"C:/Github/CarGame/Content/Kenan/BP_RacingGameMode.uasset" 1040
"C:/Github/CarGame/Content/Kenan/BP_RacingGameMode.uexp" 1041
"C:/Github/CarGame/Content/Orkun/action-racing-speed-music-331470.ubulk" 1042
"C:/Github/CarGame/Content/Orkun/action-racing-speed-music-331470.uasset" 1043
"C:/Github/CarGame/Content/Orkun/action-racing-speed-music-331470.uexp" 1044
"C:/Github/CarGame/Content/Orkun/BP_GameInstance.uasset" 1045
"C:/Github/CarGame/Content/Orkun/BP_GameInstance.uexp" 1046
"C:/Github/CarGame/Content/VehicleTemplate/Materials/M_TintCol.uasset" 1047
"C:/Github/CarGame/Content/VehicleTemplate/Materials/M_TintCol.uexp" 1048
"C:/Github/CarGame/Content/VehicleTemplate/Meshes/SM_Cone.ubulk" 1049
"C:/Github/CarGame/Content/VehicleTemplate/Meshes/SM_Cone.uasset" 1050
"C:/Github/CarGame/Content/VehicleTemplate/Meshes/SM_Cone.uexp" 1051
"../../../Engine/Plugins/2D/Paper2D/Content/DefaultSpriteMaterial.uasset" 1052
"../../../Engine/Plugins/2D/Paper2D/Content/DefaultSpriteMaterial.uexp" 1053
"../../../Engine/Plugins/2D/Paper2D/Content/MaskedUnlitSpriteMaterial.uasset" 1054
"../../../Engine/Plugins/2D/Paper2D/Content/MaskedUnlitSpriteMaterial.uexp" 1055
"../../../Engine/Plugins/2D/Paper2D/Content/OpaqueUnlitSpriteMaterial.uasset" 1056
"../../../Engine/Plugins/2D/Paper2D/Content/OpaqueUnlitSpriteMaterial.uexp" 1057
"../../../Engine/Plugins/Animation/ControlRig/Content/M_Manip.uasset" 1058
"../../../Engine/Plugins/Animation/ControlRig/Content/M_Manip.uexp" 1059
"../../../Engine/Content/Maps/Entry_BuiltData.uasset" 1060
"../../../Engine/Content/Maps/Entry_BuiltData.uexp" 1061
"../../../Engine/Content/Maps/Entry.uexp" 1062
"../../../Engine/Content/Maps/Entry.umap" 1063
"C:/Github/CarGame/Content/Kenan/KenanTestMap.uexp" 1064
"C:/Github/CarGame/Content/Kenan/KenanTestMap.umap" 1065
"../../../Engine/Content/Functions/Engine_MaterialFunctions02/Utility/BreakOutFloat4Components.uasset" 1066
"../../../Engine/Content/Functions/Engine_MaterialFunctions02/Utility/BreakOutFloat4Components.uexp" 1067
"../../../Engine/Content/Functions/Engine_MaterialFunctions02/Utility/MakeFloat4.uasset" 1068
"../../../Engine/Content/Functions/Engine_MaterialFunctions02/Utility/MakeFloat4.uexp" 1069
"../../../Engine/Content/EngineResources/DefaultVolumeTexture2D.uasset" 1070
"../../../Engine/Content/EngineResources/DefaultVolumeTexture2D.uexp" 1071
"../../../Engine/Content/EngineResources/DefaultVolumeTexture.uasset" 1072
"../../../Engine/Content/EngineResources/DefaultVolumeTexture.uexp" 1073
"../../../Engine/Content/EngineSky/VolumetricClouds/VT_Lightning.uasset" 1074
"../../../Engine/Content/EngineSky/VolumetricClouds/VT_Lightning.uexp" 1075
"../../../Engine/Content/Functions/Engine_MaterialFunctions01/Units/Km-to-Cm.uasset" 1076
"../../../Engine/Content/Functions/Engine_MaterialFunctions01/Units/Km-to-Cm.uexp" 1077
"../../../Engine/Content/EngineSky/VolumetricClouds/m_SimpleVolumetricCloud.uasset" 1078
"../../../Engine/Content/EngineSky/VolumetricClouds/m_SimpleVolumetricCloud.uexp" 1079
"../../../Engine/Content/EngineSky/VolumetricClouds/T_CloudMask.ubulk" 1080
"../../../Engine/Content/EngineSky/VolumetricClouds/T_CloudMask.uasset" 1081
"../../../Engine/Content/EngineSky/VolumetricClouds/T_CloudMask.uexp" 1082
"../../../Engine/Content/EngineSky/VolumetricClouds/T_CloudPattern.ubulk" 1083
"../../../Engine/Content/EngineSky/VolumetricClouds/T_CloudPattern.uasset" 1084
"../../../Engine/Content/EngineSky/VolumetricClouds/T_CloudPattern.uexp" 1085
"../../../Engine/Content/EngineSky/VolumetricClouds/T_Profile_08.ubulk" 1086
"../../../Engine/Content/EngineSky/VolumetricClouds/T_Profile_08.uasset" 1087
"../../../Engine/Content/EngineSky/VolumetricClouds/T_Profile_08.uexp" 1088
"../../../Engine/Content/EngineSky/VolumetricClouds/VT_PerlinWorley_Balanced.uasset" 1089
"../../../Engine/Content/EngineSky/VolumetricClouds/VT_PerlinWorley_Balanced.uexp" 1090
"../../../Engine/Content/EngineSky/VolumetricClouds/m_SimpleVolumetricCloud_Inst.uasset" 1091
"../../../Engine/Content/EngineSky/VolumetricClouds/m_SimpleVolumetricCloud_Inst.uexp" 1092
"C:/Github/CarGame/Content/Vehicles/PhysicsMaterials/NonSlippery.uasset" 1093
"C:/Github/CarGame/Content/Vehicles/PhysicsMaterials/NonSlippery.uexp" 1094
"C:/Github/CarGame/Content/VehicleTemplate/Maps/LandscapeInfo/RVT_VehicleSample_D.uasset" 1095
"C:/Github/CarGame/Content/VehicleTemplate/Maps/LandscapeInfo/RVT_VehicleSample_D.uexp" 1096
"../../../Engine/Content/EngineMaterials/WeightMapPlaceholderTexture.uasset" 1097
"../../../Engine/Content/EngineMaterials/WeightMapPlaceholderTexture.uexp" 1098
"../../../Engine/Content/EngineMaterials/WeightMapArrayPlaceholderTexture.uasset" 1099
"../../../Engine/Content/EngineMaterials/WeightMapArrayPlaceholderTexture.uexp" 1100
"C:/Github/CarGame/Content/Vehicles/PhysicsMaterials/Slippery.uasset" 1101
"C:/Github/CarGame/Content/Vehicles/PhysicsMaterials/Slippery.uexp" 1102
"C:/Github/CarGame/Content/VehicleTemplate/Materials/M_Landscape.uasset" 1103
"C:/Github/CarGame/Content/VehicleTemplate/Materials/M_Landscape.uexp" 1104
"../../../Engine/Content/EngineMaterials/BlendFunc_DefBase.uasset" 1105
"../../../Engine/Content/EngineMaterials/BlendFunc_DefBase.uexp" 1106
"../../../Engine/Content/EngineMaterials/BlendFunc_DefBlend.uasset" 1107
"../../../Engine/Content/EngineMaterials/BlendFunc_DefBlend.uexp" 1108
"../../../Engine/Content/Functions/Engine_MaterialFunctions03/Blends/Blend_Difference.uasset" 1109
"../../../Engine/Content/Functions/Engine_MaterialFunctions03/Blends/Blend_Difference.uexp" 1110
"C:/Github/CarGame/Content/VehicleTemplate/Materials/M_Track.uasset" 1111
"C:/Github/CarGame/Content/VehicleTemplate/Materials/M_Track.uexp" 1112
"C:/Github/CarGame/Content/VehicleTemplate/Materials/MI_TrackEdge.uasset" 1113
"C:/Github/CarGame/Content/VehicleTemplate/Materials/MI_TrackEdge.uexp" 1114
"C:/Github/CarGame/Content/VehicleTemplate/Materials/MI_TrackEdge_Inst.uasset" 1115
"C:/Github/CarGame/Content/VehicleTemplate/Materials/MI_TrackEdge_Inst.uexp" 1116
"C:/Github/CarGame/Content/VehicleTemplate/Meshes/SM_Track_10M.ubulk" 1117
"C:/Github/CarGame/Content/VehicleTemplate/Meshes/SM_Track_10M.uasset" 1118
"C:/Github/CarGame/Content/VehicleTemplate/Meshes/SM_Track_10M.uexp" 1119
"C:/Github/CarGame/Content/VehicleTemplate/Meshes/SM_Tunnel.ubulk" 1120
"C:/Github/CarGame/Content/VehicleTemplate/Meshes/SM_Tunnel.uasset" 1121
"C:/Github/CarGame/Content/VehicleTemplate/Meshes/SM_Tunnel.uexp" 1122
"C:/Github/CarGame/Content/VehicleTemplate/Maps/LandscapeInfo/LI_Ground.uasset" 1123
"C:/Github/CarGame/Content/VehicleTemplate/Maps/LandscapeInfo/LI_Ground.uexp" 1124
"C:/Github/CarGame/Content/VehicleTemplate/Maps/LandscapeInfo/LI_Road.uasset" 1125
"C:/Github/CarGame/Content/VehicleTemplate/Maps/LandscapeInfo/LI_Road.uexp" 1126
"C:/Github/CarGame/Content/Kenan/LowpolyCar/Camaro/FR_Wheel.ubulk" 1127
"C:/Github/CarGame/Content/Kenan/LowpolyCar/Camaro/FR_Wheel.uasset" 1128
"C:/Github/CarGame/Content/Kenan/LowpolyCar/Camaro/FR_Wheel.uexp" 1129
"C:/Github/CarGame/Content/Orkun/car-engine-roaring-376881.ubulk" 1130
"C:/Github/CarGame/Content/Orkun/car-engine-roaring-376881.uasset" 1131
"C:/Github/CarGame/Content/Orkun/car-engine-roaring-376881.uexp" 1132
"C:/Github/CarGame/Content/Orkun/menu-selection-102220.ubulk" 1133
"C:/Github/CarGame/Content/Orkun/menu-selection-102220.uasset" 1134
"C:/Github/CarGame/Content/Orkun/menu-selection-102220.uexp" 1135
"C:/Github/CarGame/Content/Orkun/WBP_MainMenu.uasset" 1136
"C:/Github/CarGame/Content/Orkun/WBP_MainMenu.uexp" 1137
"C:/Github/CarGame/Content/Orkun/L_MainMenu.uexp" 1138
"C:/Github/CarGame/Content/Orkun/L_MainMenu.umap" 1139
